Output Summary with Inputs: Dragon_fluidanimate_2048_2_32
========================================
------------------------------
1. Overall execution cycle per core
Core 0: 54168845883734
Core 1: 44918061200341
Core 2: 58014289155438
Core 3: 44712499043880
------------------------------
2. Number of compute cycles per core
Core 0: 11337782
Core 1: 11290799
Core 2: 11337671
Core 3: 11301515
------------------------------
3. Number of load/store instructions per core
Core 0: 2576503
Core 1: 2407844
Core 2: 2604189
Core 3: 2411465
------------------------------
4. Number of idle cycles per core
Core 0: 31779447
Core 1: 27119328
Core 2: 33312653
Core 3: 26948277
------------------------------
5. Data cache miss rate for each core
Core 0: 0.077571
Core 1: 0.0695539
Core 2: 0.0803091
Core 3: 0.0690883
------------------------------
6. Amount of Data traffic in bytes on the bus
36375360
------------------------------
7. Number of invalidations or updates on the bus
3259
------------------------------
8. Distribution of accesses to private data versus shared data
Core 0: Number of access to private data = 2147730 | Number of access to shared data = 428773
Core 1: Number of access to private data = 1985288 | Number of access to shared data = 422556
Core 2: Number of access to private data = 2179675 | Number of access to shared data = 424514
Core 3: Number of access to private data = 1983072 | Number of access to shared data = 428393
============== END OF LOG ==============
========================================
