Output Summary with Inputs: Dragon_bodytrack_4096_2_64
========================================
------------------------------
1. Overall execution cycle per core
Core 0: 35761114757100
Core 1: 36403173249599
Core 2: 54919678264
Core 3: 36817357433717
------------------------------
2. Number of compute cycles per core
Core 0: 17729254
Core 1: 17120545
Core 2: 17556877
Core 3: 17140113
------------------------------
3. Number of load/store instructions per core
Core 0: 3270132
Core 1: 3287252
Core 2: 117698
Core 3: 3324919
------------------------------
4. Number of idle cycles per core
Core 0: 22020740
Core 1: 21863156
Core 2: 999558
Core 3: 22003091
------------------------------
5. Data cache miss rate for each core
Core 0: 0.0556455
Core 1: 0.0548175
Core 2: 0.0649119
Core 3: 0.0550997
------------------------------
6. Amount of Data traffic in bytes on the bus
39696512
------------------------------
7. Number of invalidations or updates on the bus
4638
------------------------------
8. Distribution of accesses to private data versus shared data
Core 0: Number of access to private data = 2684223 | Number of access to shared data = 585909
Core 1: Number of access to private data = 2735221 | Number of access to shared data = 552031
Core 2: Number of access to private data = 94330 | Number of access to shared data = 23368
Core 3: Number of access to private data = 2745019 | Number of access to shared data = 579900
============== END OF LOG ==============
========================================
