Output Summary with Inputs: Dragon_bodytrack_2048_2_32
========================================
------------------------------
1. Overall execution cycle per core
Core 0: 47780346205248
Core 1: 49147595243987
Core 2: 73221039940
Core 3: 49192273789141
------------------------------
2. Number of compute cycles per core
Core 0: 17729254
Core 1: 17120545
Core 2: 17556877
Core 3: 17140113
------------------------------
3. Number of load/store instructions per core
Core 0: 3270132
Core 1: 3287252
Core 2: 117698
Core 3: 3324919
------------------------------
4. Number of idle cycles per core
Core 0: 28606584
Core 1: 28724128
Core 2: 1388786
Core 3: 28694583
------------------------------
5. Data cache miss rate for each core
Core 0: 0.0715681
Core 1: 0.0709812
Core 2: 0.087818
Core 3: 0.0709446
------------------------------
6. Amount of Data traffic in bytes on the bus
26762880
------------------------------
7. Number of invalidations or updates on the bus
1207
------------------------------
8. Distribution of accesses to private data versus shared data
Core 0: Number of access to private data = 2859225 | Number of access to shared data = 410907
Core 1: Number of access to private data = 2861560 | Number of access to shared data = 425692
Core 2: Number of access to private data = 95937 | Number of access to shared data = 21761
Core 3: Number of access to private data = 2894531 | Number of access to shared data = 430388
============== END OF LOG ==============
========================================
