Output Summary with Inputs: Dragon_blackscholes_4096_64_32
========================================
------------------------------
1. Overall execution cycle per core
Core 0: 19632935211817
Core 1: 19757118427858
Core 2: 6010135317691
Core 3: 14509213177228
------------------------------
2. Number of compute cycles per core
Core 0: 10430314
Core 1: 10383276
Core 2: 10430338
Core 3: 10394904
------------------------------
3. Number of load/store instructions per core
Core 0: 2497349
Core 1: 2490468
Core 2: 2509057
Core 3: 2503127
------------------------------
4. Number of idle cycles per core
Core 0: 15691601
Core 1: 15758616
Core 2: 3903385
Core 3: 11519307
------------------------------
5. Data cache miss rate for each core
Core 0: 0.00203095
Core 1: 0.00176272
Core 2: 0.00407763
Core 3: 0.00202107
------------------------------
6. Amount of Data traffic in bytes on the bus
68788160
------------------------------
7. Number of invalidations or updates on the bus
2117612
------------------------------
8. Distribution of accesses to private data versus shared data
Core 0: Number of access to private data = 527064 | Number of access to shared data = 1970285
Core 1: Number of access to private data = 484056 | Number of access to shared data = 2006412
Core 2: Number of access to private data = 2036031 | Number of access to shared data = 473026
Core 3: Number of access to private data = 1059203 | Number of access to shared data = 1443924
============== END OF LOG ==============
========================================
