Output Summary with Inputs: Dragon_bodytrack_4096_2_8
========================================
------------------------------
1. Overall execution cycle per core
Core 0: 57834940547028
Core 1: 62113553111175
Core 2: 105257068592
Core 3: 59163051698653
------------------------------
2. Number of compute cycles per core
Core 0: 17729254
Core 1: 17120545
Core 2: 17556877
Core 3: 17140113
------------------------------
3. Number of load/store instructions per core
Core 0: 3270132
Core 1: 3287252
Core 2: 117698
Core 3: 3324919
------------------------------
4. Number of idle cycles per core
Core 0: 35920612
Core 1: 36619060
Core 2: 2279770
Core 3: 36053691
------------------------------
5. Data cache miss rate for each core
Core 0: 0.0851067
Core 1: 0.0854738
Core 2: 0.131353
Core 3: 0.0839142
------------------------------
6. Amount of Data traffic in bytes on the bus
8795568
------------------------------
7. Number of invalidations or updates on the bus
4788
------------------------------
8. Distribution of accesses to private data versus shared data
Core 0: Number of access to private data = 2749963 | Number of access to shared data = 520169
Core 1: Number of access to private data = 2756403 | Number of access to shared data = 530849
Core 2: Number of access to private data = 94312 | Number of access to shared data = 23386
Core 3: Number of access to private data = 2798926 | Number of access to shared data = 525993
============== END OF LOG ==============
========================================
