Output Summary with Inputs: Dragon_fluidanimate_1024_2_32
========================================
------------------------------
1. Overall execution cycle per core
Core 0: 67285526908070
Core 1: 54417880479617
Core 2: 70582977797326
Core 3: 54030997598108
------------------------------
2. Number of compute cycles per core
Core 0: 11337782
Core 1: 11290799
Core 2: 11337671
Core 3: 11301515
------------------------------
3. Number of load/store instructions per core
Core 0: 2576503
Core 1: 2407844
Core 2: 2604189
Core 3: 2411465
------------------------------
4. Number of idle cycles per core
Core 0: 42314635
Core 1: 34886652
Core 2: 43611557
Core 3: 34528325
------------------------------
5. Data cache miss rate for each core
Core 0: 0.112969
Core 1: 0.098116
Core 2: 0.114292
Core 3: 0.0966952
------------------------------
6. Amount of Data traffic in bytes on the bus
48772128
------------------------------
7. Number of invalidations or updates on the bus
1060
------------------------------
8. Distribution of accesses to private data versus shared data
Core 0: Number of access to private data = 2163705 | Number of access to shared data = 412798
Core 1: Number of access to private data = 1999490 | Number of access to shared data = 408354
Core 2: Number of access to private data = 2211062 | Number of access to shared data = 393127
Core 3: Number of access to private data = 1997581 | Number of access to shared data = 413884
============== END OF LOG ==============
========================================
