Output Summary with Inputs: Dragon_bodytrack_4096_2_128
========================================
------------------------------
1. Overall execution cycle per core
Core 0: 39947358402264
Core 1: 39742136030039
Core 2: 76732810500
Core 3: 41584049031093
------------------------------
2. Number of compute cycles per core
Core 0: 17729254
Core 1: 17120545
Core 2: 17556877
Core 3: 17140113
------------------------------
3. Number of load/store instructions per core
Core 0: 3270132
Core 1: 3287252
Core 2: 117698
Core 3: 3324919
------------------------------
4. Number of idle cycles per core
Core 0: 23454292
Core 1: 22929796
Core 2: 1243178
Core 3: 23658871
------------------------------
5. Data cache miss rate for each core
Core 0: 0.059031
Core 1: 0.0571018
Core 2: 0.0796105
Core 3: 0.0585912
------------------------------
6. Amount of Data traffic in bytes on the bus
82990848
------------------------------
7. Number of invalidations or updates on the bus
4587
------------------------------
8. Distribution of accesses to private data versus shared data
Core 0: Number of access to private data = 2730051 | Number of access to shared data = 540081
Core 1: Number of access to private data = 2766606 | Number of access to shared data = 520646
Core 2: Number of access to private data = 93836 | Number of access to shared data = 23862
Core 3: Number of access to private data = 2780569 | Number of access to shared data = 544350
============== END OF LOG ==============
========================================
