Output Summary with Inputs: Dragon_bodytrack_4096_2_256
========================================
------------------------------
1. Overall execution cycle per core
Core 0: 54745012502440
Core 1: 53774460739071
Core 2: 130415282732
Core 3: 56493612793421
------------------------------
2. Number of compute cycles per core
Core 0: 17729254
Core 1: 17120545
Core 2: 17556877
Core 3: 17140113
------------------------------
3. Number of load/store instructions per core
Core 0: 3270132
Core 1: 3287252
Core 2: 117698
Core 3: 3324919
------------------------------
4. Number of idle cycles per core
Core 0: 29955796
Core 1: 29015248
Core 2: 2045578
Core 3: 29813491
------------------------------
5. Data cache miss rate for each core
Core 0: 0.0686917
Core 1: 0.0665285
Core 2: 0.115677
Core 3: 0.0673445
------------------------------
6. Amount of Data traffic in bytes on the bus
196499968
------------------------------
7. Number of invalidations or updates on the bus
7577
------------------------------
8. Distribution of accesses to private data versus shared data
Core 0: Number of access to private data = 2788900 | Number of access to shared data = 481232
Core 1: Number of access to private data = 2755943 | Number of access to shared data = 531309
Core 2: Number of access to private data = 94829 | Number of access to shared data = 22869
Core 3: Number of access to private data = 2774696 | Number of access to shared data = 550223
============== END OF LOG ==============
========================================
