Output Summary with Inputs: Dragon_bodytrack_4096_1_32
========================================
------------------------------
1. Overall execution cycle per core
Core 0: 44003416543860
Core 1: 46114583714523
Core 2: 64511457852
Core 3: 46959145142945
------------------------------
2. Number of compute cycles per core
Core 0: 17729254
Core 1: 17120545
Core 2: 17556877
Core 3: 17140113
------------------------------
3. Number of load/store instructions per core
Core 0: 3270132
Core 1: 3287252
Core 2: 117698
Core 3: 3324919
------------------------------
4. Number of idle cycles per core
Core 0: 26205524
Core 1: 26767828
Core 2: 1280282
Core 3: 27490207
------------------------------
5. Data cache miss rate for each core
Core 0: 0.0655604
Core 1: 0.0668491
Core 2: 0.0871383
Core 3: 0.0675018
------------------------------
6. Amount of Data traffic in bytes on the bus
25433728
------------------------------
7. Number of invalidations or updates on the bus
4109
------------------------------
8. Distribution of accesses to private data versus shared data
Core 0: Number of access to private data = 2845163 | Number of access to shared data = 424969
Core 1: Number of access to private data = 2843408 | Number of access to shared data = 443844
Core 2: Number of access to private data = 94126 | Number of access to shared data = 23572
Core 3: Number of access to private data = 2871735 | Number of access to shared data = 453184
============== END OF LOG ==============
========================================
