Output Summary with Inputs: Dragon_bodytrack_32768_2_32
========================================
------------------------------
1. Overall execution cycle per core
Core 0: 20795977469152
Core 1: 21352226349319
Core 2: 19440732536
Core 3: 21235617330761
------------------------------
2. Number of compute cycles per core
Core 0: 17729254
Core 1: 17120545
Core 2: 17556877
Core 3: 17140113
------------------------------
3. Number of load/store instructions per core
Core 0: 3270132
Core 1: 3287252
Core 2: 117698
Core 3: 3324919
------------------------------
4. Number of idle cycles per core
Core 0: 13573852
Core 1: 13684156
Core 2: 421742
Core 3: 13651395
------------------------------
5. Data cache miss rate for each core
Core 0: 0.0374067
Core 1: 0.0376546
Core 2: 0.021963
Core 3: 0.0372193
------------------------------
6. Amount of Data traffic in bytes on the bus
14159264
------------------------------
7. Number of invalidations or updates on the bus
17152
------------------------------
8. Distribution of accesses to private data versus shared data
Core 0: Number of access to private data = 2365610 | Number of access to shared data = 904522
Core 1: Number of access to private data = 2383069 | Number of access to shared data = 904183
Core 2: Number of access to private data = 90057 | Number of access to shared data = 27641
Core 3: Number of access to private data = 2401387 | Number of access to shared data = 923532
============== END OF LOG ==============
========================================
