Output Summary with Inputs: Dragon_fluidanimate_32768_2_32
========================================
------------------------------
1. Overall execution cycle per core
Core 0: 29172381378238
Core 1: 24905770032449
Core 2: 29699802459618
Core 3: 25512479152460
------------------------------
2. Number of compute cycles per core
Core 0: 11337782
Core 1: 11290799
Core 2: 11337671
Core 3: 11301515
------------------------------
3. Number of load/store instructions per core
Core 0: 2576503
Core 1: 2407844
Core 2: 2604189
Core 3: 2411465
------------------------------
4. Number of idle cycles per core
Core 0: 15572655
Core 1: 14173736
Core 2: 15648881
Core 3: 14550149
------------------------------
5. Data cache miss rate for each core
Core 0: 0.0302293
Core 1: 0.0296896
Core 2: 0.030032
Core 3: 0.0300257
------------------------------
6. Amount of Data traffic in bytes on the bus
17283936
------------------------------
7. Number of invalidations or updates on the bus
34584
------------------------------
8. Distribution of accesses to private data versus shared data
Core 0: Number of access to private data = 2090152 | Number of access to shared data = 486351
Core 1: Number of access to private data = 1959318 | Number of access to shared data = 448526
Core 2: Number of access to private data = 2141090 | Number of access to shared data = 463099
Core 3: Number of access to private data = 1903867 | Number of access to shared data = 507598
============== END OF LOG ==============
========================================
