Output Summary with Inputs: Dragon_fluidanimate_16384_2_32
========================================
------------------------------
1. Overall execution cycle per core
Core 0: 33320868404130
Core 1: 28282678933537
Core 2: 34413789325446
Core 3: 28601380961700
------------------------------
2. Number of compute cycles per core
Core 0: 11337782
Core 1: 11290799
Core 2: 11337671
Core 3: 11301515
------------------------------
3. Number of load/store instructions per core
Core 0: 2576503
Core 1: 2407844
Core 2: 2604189
Core 3: 2411465
------------------------------
4. Number of idle cycles per core
Core 0: 17735987
Core 1: 16024024
Core 2: 17998717
Core 3: 16229213
------------------------------
5. Data cache miss rate for each core
Core 0: 0.0358474
Core 1: 0.0351248
Core 2: 0.0361652
Core 3: 0.0351467
------------------------------
6. Amount of Data traffic in bytes on the bus
19687360
------------------------------
7. Number of invalidations or updates on the bus
19887
------------------------------
8. Distribution of accesses to private data versus shared data
Core 0: Number of access to private data = 2122360 | Number of access to shared data = 454143
Core 1: Number of access to private data = 1972039 | Number of access to shared data = 435805
Core 2: Number of access to private data = 2142453 | Number of access to shared data = 461736
Core 3: Number of access to private data = 1916904 | Number of access to shared data = 494561
============== END OF LOG ==============
========================================
