Output Summary with Inputs: Dragon_bodytrack_1024_2_32
========================================
------------------------------
1. Overall execution cycle per core
Core 0: 73316977051780
Core 1: 75215296398559
Core 2: 109929839688
Core 3: 77276740175029
------------------------------
2. Number of compute cycles per core
Core 0: 17729254
Core 1: 17120545
Core 2: 17556877
Core 3: 17140113
------------------------------
3. Number of load/store instructions per core
Core 0: 3270132
Core 1: 3287252
Core 2: 117698
Core 3: 3324919
------------------------------
4. Number of idle cycles per core
Core 0: 40383148
Core 1: 40987252
Core 2: 1943334
Core 3: 41781495
------------------------------
5. Data cache miss rate for each core
Core 0: 0.100661
Core 1: 0.101508
Core 2: 0.124853
Core 3: 0.102667
------------------------------
6. Amount of Data traffic in bytes on the bus
39905632
------------------------------
7. Number of invalidations or updates on the bus
549
------------------------------
8. Distribution of accesses to private data versus shared data
Core 0: Number of access to private data = 2920788 | Number of access to shared data = 349344
Core 1: Number of access to private data = 2959288 | Number of access to shared data = 327964
Core 2: Number of access to private data = 97099 | Number of access to shared data = 20599
Core 3: Number of access to private data = 2971822 | Number of access to shared data = 353097
============== END OF LOG ==============
========================================
