Output Summary with Inputs: Dragon_bodytrack_4096_8_32
========================================
------------------------------
1. Overall execution cycle per core
Core 0: 34220492023304
Core 1: 35899990356887
Core 2: 48347844328
Core 3: 35283237096853
------------------------------
2. Number of compute cycles per core
Core 0: 17729254
Core 1: 17120545
Core 2: 17556877
Core 3: 17140113
------------------------------
3. Number of load/store instructions per core
Core 0: 3270132
Core 1: 3287252
Core 2: 117698
Core 3: 3324919
------------------------------
4. Number of idle cycles per core
Core 0: 21406212
Core 1: 21897724
Core 2: 954774
Core 3: 21689031
------------------------------
5. Data cache miss rate for each core
Core 0: 0.0523542
Core 1: 0.0532125
Core 2: 0.0607742
Core 3: 0.0527084
------------------------------
6. Amount of Data traffic in bytes on the bus
19310240
------------------------------
7. Number of invalidations or updates on the bus
3769
------------------------------
8. Distribution of accesses to private data versus shared data
Core 0: Number of access to private data = 2834680 | Number of access to shared data = 435452
Core 1: Number of access to private data = 2815483 | Number of access to shared data = 471769
Core 2: Number of access to private data = 94278 | Number of access to shared data = 23420
Core 3: Number of access to private data = 2831107 | Number of access to shared data = 493812
============== END OF LOG ==============
========================================
