Output Summary with Inputs: Dragon_bodytrack_4096_32_32
========================================
------------------------------
1. Overall execution cycle per core
Core 0: 34522057576896
Core 1: 36154604576271
Core 2: 48824716612
Core 3: 35597771239453
------------------------------
2. Number of compute cycles per core
Core 0: 17729254
Core 1: 17120545
Core 2: 17556877
Core 3: 17140113
------------------------------
3. Number of load/store instructions per core
Core 0: 3270132
Core 1: 3287252
Core 2: 117698
Core 3: 3324919
------------------------------
4. Number of idle cycles per core
Core 0: 21513984
Core 1: 21376800
Core 2: 939318
Core 3: 21885787
------------------------------
5. Data cache miss rate for each core
Core 0: 0.0523948
Core 1: 0.0534437
Core 2: 0.0590494
Core 3: 0.0528924
------------------------------
6. Amount of Data traffic in bytes on the bus
19374848
------------------------------
7. Number of invalidations or updates on the bus
4377
------------------------------
8. Distribution of accesses to private data versus shared data
Core 0: Number of access to private data = 2739182 | Number of access to shared data = 530950
Core 1: Number of access to private data = 2652054 | Number of access to shared data = 635198
Core 2: Number of access to private data = 94451 | Number of access to shared data = 23247
Core 3: Number of access to private data = 2888393 | Number of access to shared data = 436526
============== END OF LOG ==============
========================================
