Output Summary with Inputs: Dragon_fluidanimate_4096_16_32
========================================
------------------------------
1. Overall execution cycle per core
Core 0: 42522167748354
Core 1: 36903023286105
Core 2: 46065266963586
Core 3: 36587017828008
------------------------------
2. Number of compute cycles per core
Core 0: 11337782
Core 1: 11290799
Core 2: 11337671
Core 3: 11301515
------------------------------
3. Number of load/store instructions per core
Core 0: 2576503
Core 1: 2407844
Core 2: 2604189
Core 3: 2411465
------------------------------
4. Number of idle cycles per core
Core 0: 22452579
Core 1: 20602596
Core 2: 23835149
Core 3: 20294005
------------------------------
5. Data cache miss rate for each core
Core 0: 0.0468915
Core 1: 0.0462601
Core 2: 0.0496158
Core 3: 0.0452546
------------------------------
6. Amount of Data traffic in bytes on the bus
25531456
------------------------------
7. Number of invalidations or updates on the bus
6434
------------------------------
8. Distribution of accesses to private data versus shared data
Core 0: Number of access to private data = 2135485 | Number of access to shared data = 441018
Core 1: Number of access to private data = 1982054 | Number of access to shared data = 425790
Core 2: Number of access to private data = 2186229 | Number of access to shared data = 417960
Core 3: Number of access to private data = 1952892 | Number of access to shared data = 458573
============== END OF LOG ==============
========================================
