Output Summary with Inputs: Dragon_blackscholes_4096_2_512
========================================
------------------------------
1. Overall execution cycle per core
Core 0: 63919749954077
Core 1: 63574583729302
Core 2: 64441064040687
Core 3: 64137720463912
------------------------------
2. Number of compute cycles per core
Core 0: 10430314
Core 1: 10383276
Core 2: 10430338
Core 3: 10394904
------------------------------
3. Number of load/store instructions per core
Core 0: 2497349
Core 1: 2490468
Core 2: 2509057
Core 3: 2503127
------------------------------
4. Number of idle cycles per core
Core 0: 51160521
Core 1: 50829024
Core 2: 51340153
Core 3: 51191367
------------------------------
5. Data cache miss rate for each core
Core 0: 0.10943
Core 1: 0.109645
Core 2: 0.109753
Core 3: 0.109565
------------------------------
6. Amount of Data traffic in bytes on the bus
667694080
------------------------------
7. Number of invalidations or updates on the bus
599
------------------------------
8. Distribution of accesses to private data versus shared data
Core 0: Number of access to private data = 2217020 | Number of access to shared data = 280329
Core 1: Number of access to private data = 2219968 | Number of access to shared data = 270500
Core 2: Number of access to private data = 2233721 | Number of access to shared data = 275336
Core 3: Number of access to private data = 2224051 | Number of access to shared data = 279076
============== END OF LOG ==============
========================================
