Output Summary with Inputs: Dragon_bodytrack_4096_2_16
========================================
------------------------------
1. Overall execution cycle per core
Core 0: 43623223939544
Core 1: 46599625596283
Core 2: 71653508772
Core 3: 44628959581873
------------------------------
2. Number of compute cycles per core
Core 0: 17729254
Core 1: 17120545
Core 2: 17556877
Core 3: 17140113
------------------------------
3. Number of load/store instructions per core
Core 0: 3270132
Core 1: 3287252
Core 2: 117698
Core 3: 3324919
------------------------------
4. Number of idle cycles per core
Core 0: 26995944
Core 1: 27680808
Core 2: 1477094
Core 3: 27097955
------------------------------
5. Data cache miss rate for each core
Core 0: 0.0661447
Core 1: 0.0665313
Core 2: 0.0921766
Core 3: 0.0653132
------------------------------
6. Amount of Data traffic in bytes on the bus
12823680
------------------------------
7. Number of invalidations or updates on the bus
3604
------------------------------
8. Distribution of accesses to private data versus shared data
Core 0: Number of access to private data = 2803031 | Number of access to shared data = 467101
Core 1: Number of access to private data = 2828475 | Number of access to shared data = 458777
Core 2: Number of access to private data = 94018 | Number of access to shared data = 23680
Core 3: Number of access to private data = 2832197 | Number of access to shared data = 492722
============== END OF LOG ==============
========================================
