Output Summary with Inputs: Dragon_bodytrack_4096_64_32
========================================
------------------------------
1. Overall execution cycle per core
Core 0: 34859335846036
Core 1: 36557789003935
Core 2: 49168906612
Core 3: 35503238390517
------------------------------
2. Number of compute cycles per core
Core 0: 17729254
Core 1: 17120545
Core 2: 17556877
Core 3: 17140113
------------------------------
3. Number of load/store instructions per core
Core 0: 3270132
Core 1: 3287252
Core 2: 117698
Core 3: 3324919
------------------------------
4. Number of idle cycles per core
Core 0: 21683528
Core 1: 22181780
Core 2: 942534
Core 3: 21650479
------------------------------
5. Data cache miss rate for each core
Core 0: 0.0524184
Core 1: 0.0538051
Core 2: 0.0591684
Core 3: 0.0531011
------------------------------
6. Amount of Data traffic in bytes on the bus
19442688
------------------------------
7. Number of invalidations or updates on the bus
4300
------------------------------
8. Distribution of accesses to private data versus shared data
Core 0: Number of access to private data = 2863395 | Number of access to shared data = 406737
Core 1: Number of access to private data = 2838941 | Number of access to shared data = 448311
Core 2: Number of access to private data = 94505 | Number of access to shared data = 23193
Core 3: Number of access to private data = 2773525 | Number of access to shared data = 551394
============== END OF LOG ==============
========================================
