Output Summary with Inputs: Dragon_blackscholes_4096_16_32
========================================
------------------------------
1. Overall execution cycle per core
Core 0: 16627279095101
Core 1: 14144934328102
Core 2: 6246402422543
Core 3: 9254568068304
------------------------------
2. Number of compute cycles per core
Core 0: 10430314
Core 1: 10383276
Core 2: 10430338
Core 3: 10394904
------------------------------
3. Number of load/store instructions per core
Core 0: 2497349
Core 1: 2490468
Core 2: 2509057
Core 3: 2503127
------------------------------
4. Number of idle cycles per core
Core 0: 12747877
Core 1: 10961496
Core 2: 4040225
Core 3: 7121231
------------------------------
5. Data cache miss rate for each core
Core 0: 0.00206259
Core 1: 0.00179404
Core 2: 0.00501503
Core 3: 0.00204664
------------------------------
6. Amount of Data traffic in bytes on the bus
44530912
------------------------------
7. Number of invalidations or updates on the bus
1356913
------------------------------
8. Distribution of accesses to private data versus shared data
Core 0: Number of access to private data = 868070 | Number of access to shared data = 1629279
Core 1: Number of access to private data = 1074237 | Number of access to shared data = 1416231
Core 2: Number of access to private data = 2034891 | Number of access to shared data = 474166
Core 3: Number of access to private data = 1592586 | Number of access to shared data = 910541
============== END OF LOG ==============
========================================
