Output Summary with Inputs: Dragon_bodytrack_4096_2_32
========================================
------------------------------
1. Overall execution cycle per core
Core 0: 36503469125948
Core 1: 36567300085875
Core 2: 54346260568
Core 3: 36321852461165
------------------------------
2. Number of compute cycles per core
Core 0: 17729254
Core 1: 17120545
Core 2: 17556877
Core 3: 17140113
------------------------------
3. Number of load/store instructions per core
Core 0: 3270132
Core 1: 3287252
Core 2: 117698
Core 3: 3324919
------------------------------
4. Number of idle cycles per core
Core 0: 22774740
Core 1: 21995724
Core 2: 1082394
Core 3: 22187719
------------------------------
5. Data cache miss rate for each core
Core 0: 0.0564314
Core 1: 0.0559799
Core 2: 0.0701031
Core 3: 0.0556371
------------------------------
6. Amount of Data traffic in bytes on the bus
20697536
------------------------------
7. Number of invalidations or updates on the bus
2924
------------------------------
8. Distribution of accesses to private data versus shared data
Core 0: Number of access to private data = 2757141 | Number of access to shared data = 512991
Core 1: Number of access to private data = 2549072 | Number of access to shared data = 738180
Core 2: Number of access to private data = 94010 | Number of access to shared data = 23688
Core 3: Number of access to private data = 2633826 | Number of access to shared data = 691093
============== END OF LOG ==============
========================================
