Output Summary with Inputs: Dragon_blackscholes_4096_1_32
========================================
------------------------------
1. Overall execution cycle per core
Core 0: 10838274905481
Core 1: 10567686691458
Core 2: 13019047629487
Core 3: 10829597067044
------------------------------
2. Number of compute cycles per core
Core 0: 10430314
Core 1: 10383276
Core 2: 10430338
Core 3: 10394904
------------------------------
3. Number of load/store instructions per core
Core 0: 2497349
Core 1: 2490468
Core 2: 2509057
Core 3: 2503127
------------------------------
4. Number of idle cycles per core
Core 0: 8565641
Core 1: 8461228
Core 2: 9425937
Core 3: 8555639
------------------------------
5. Data cache miss rate for each core
Core 0: 0.0360995
Core 1: 0.0358752
Core 2: 0.0381123
Core 3: 0.036146
------------------------------
6. Amount of Data traffic in bytes on the bus
12723648
------------------------------
7. Number of invalidations or updates on the bus
1260
------------------------------
8. Distribution of accesses to private data versus shared data
Core 0: Number of access to private data = 2056446 | Number of access to shared data = 440903
Core 1: Number of access to private data = 2050724 | Number of access to shared data = 439744
Core 2: Number of access to private data = 2069363 | Number of access to shared data = 439694
Core 3: Number of access to private data = 2061193 | Number of access to shared data = 441934
============== END OF LOG ==============
========================================
