Output Summary with Inputs: Dragon_blackscholes_4096_2_256
========================================
------------------------------
1. Overall execution cycle per core
Core 0: 26845815353057
Core 1: 26760666055446
Core 2: 27892151170259
Core 3: 27492745875760
------------------------------
2. Number of compute cycles per core
Core 0: 10430314
Core 1: 10383276
Core 2: 10430338
Core 3: 10394904
------------------------------
3. Number of load/store instructions per core
Core 0: 2497349
Core 1: 2490468
Core 2: 2509057
Core 3: 2503127
------------------------------
4. Number of idle cycles per core
Core 0: 21456285
Core 1: 21462068
Core 2: 21950625
Core 3: 21884499
------------------------------
5. Data cache miss rate for each core
Core 0: 0.0601338
Core 1: 0.0603212
Core 2: 0.0611839
Core 3: 0.0612222
------------------------------
6. Amount of Data traffic in bytes on the bus
173494528
------------------------------
7. Number of invalidations or updates on the bus
624
------------------------------
8. Distribution of accesses to private data versus shared data
Core 0: Number of access to private data = 2124023 | Number of access to shared data = 373326
Core 1: Number of access to private data = 2118122 | Number of access to shared data = 372346
Core 2: Number of access to private data = 2139401 | Number of access to shared data = 369656
Core 3: Number of access to private data = 2125486 | Number of access to shared data = 377641
============== END OF LOG ==============
========================================
