Output Summary with Inputs: Dragon_bodytrack_4096_2_512
========================================
------------------------------
1. Overall execution cycle per core
Core 0: 87233034307060
Core 1: 84305236825851
Core 2: 175054455672
Core 3: 89428341046737
------------------------------
2. Number of compute cycles per core
Core 0: 17729254
Core 1: 17120545
Core 2: 17556877
Core 3: 17140113
------------------------------
3. Number of load/store instructions per core
Core 0: 3270132
Core 1: 3287252
Core 2: 117698
Core 3: 3324919
------------------------------
4. Number of idle cycles per core
Core 0: 44747440
Core 1: 42833880
Core 2: 2794062
Core 3: 44159879
------------------------------
5. Data cache miss rate for each core
Core 0: 0.0859231
Core 1: 0.0825693
Core 2: 0.133868
Core 3: 0.0847383
------------------------------
6. Amount of Data traffic in bytes on the bus
507677184
------------------------------
7. Number of invalidations or updates on the bus
10030
------------------------------
8. Distribution of accesses to private data versus shared data
Core 0: Number of access to private data = 2735301 | Number of access to shared data = 534831
Core 1: Number of access to private data = 2772098 | Number of access to shared data = 515154
Core 2: Number of access to private data = 96799 | Number of access to shared data = 20899
Core 3: Number of access to private data = 2822020 | Number of access to shared data = 502899
============== END OF LOG ==============
========================================
