Output Summary with Inputs: Dragon_bodytrack_1024_1_16
========================================
------------------------------
1. Overall execution cycle per core
Core 0: 94716210125964
Core 1: 92308899009799
Core 2: 146088351060
Core 3: 100405267223145
------------------------------
2. Number of compute cycles per core
Core 0: 17729254
Core 1: 17120545
Core 2: 17556877
Core 3: 17140113
------------------------------
3. Number of load/store instructions per core
Core 0: 3270132
Core 1: 3287252
Core 2: 117698
Core 3: 3324919
------------------------------
4. Number of idle cycles per core
Core 0: 53589424
Core 1: 51068776
Core 2: 2740998
Core 3: 55842451
------------------------------
5. Data cache miss rate for each core
Core 0: 0.129724
Core 1: 0.126945
Core 2: 0.170725
Core 3: 0.130912
------------------------------
6. Amount of Data traffic in bytes on the bus
113638480
------------------------------
7. Number of invalidations or updates on the bus
1018
------------------------------
8. Distribution of accesses to private data versus shared data
Core 0: Number of access to private data = 2728133 | Number of access to shared data = 541999
Core 1: Number of access to private data = 2541675 | Number of access to shared data = 745577
Core 2: Number of access to private data = 97132 | Number of access to shared data = 20566
Core 3: Number of access to private data = 3029314 | Number of access to shared data = 295605
============== END OF LOG ==============
========================================
