Output Summary with Inputs: Dragon_bodytrack_8192_2_32
========================================
------------------------------
1. Overall execution cycle per core
Core 0: 29974726969744
Core 1: 31211180371311
Core 2: 33421633764
Core 3: 30114912611129
------------------------------
2. Number of compute cycles per core
Core 0: 17729254
Core 1: 17120545
Core 2: 17556877
Core 3: 17140113
------------------------------
3. Number of load/store instructions per core
Core 0: 3270132
Core 1: 3287252
Core 2: 117698
Core 3: 3324919
------------------------------
4. Number of idle cycles per core
Core 0: 19657432
Core 1: 19763888
Core 2: 720638
Core 3: 19365495
------------------------------
5. Data cache miss rate for each core
Core 0: 0.0481458
Core 1: 0.0490026
Core 2: 0.044988
Core 3: 0.0481648
------------------------------
6. Amount of Data traffic in bytes on the bus
17879872
------------------------------
7. Number of invalidations or updates on the bus
8507
------------------------------
8. Distribution of accesses to private data versus shared data
Core 0: Number of access to private data = 2868928 | Number of access to shared data = 401204
Core 1: Number of access to private data = 2778119 | Number of access to shared data = 509133
Core 2: Number of access to private data = 92019 | Number of access to shared data = 25679
Core 3: Number of access to private data = 2734685 | Number of access to shared data = 590234
============== END OF LOG ==============
========================================
