Output Summary with Inputs: Dragon_bodytrack_4096_16_32
========================================
------------------------------
1. Overall execution cycle per core
Core 0: 34357009521872
Core 1: 36207218676679
Core 2: 48604954692
Core 3: 35474207501489
------------------------------
2. Number of compute cycles per core
Core 0: 17729254
Core 1: 17120545
Core 2: 17556877
Core 3: 17140113
------------------------------
3. Number of load/store instructions per core
Core 0: 3270132
Core 1: 3287252
Core 2: 117698
Core 3: 3324919
------------------------------
4. Number of idle cycles per core
Core 0: 21350320
Core 1: 22176692
Core 2: 958846
Core 3: 21736251
------------------------------
5. Data cache miss rate for each core
Core 0: 0.0522205
Core 1: 0.053316
Core 2: 0.0609186
Core 3: 0.0526473
------------------------------
6. Amount of Data traffic in bytes on the bus
19329184
------------------------------
7. Number of invalidations or updates on the bus
5117
------------------------------
8. Distribution of accesses to private data versus shared data
Core 0: Number of access to private data = 2767568 | Number of access to shared data = 502564
Core 1: Number of access to private data = 2891987 | Number of access to shared data = 395265
Core 2: Number of access to private data = 94281 | Number of access to shared data = 23417
Core 3: Number of access to private data = 2870213 | Number of access to shared data = 454706
============== END OF LOG ==============
========================================
