Output Summary with Inputs: MESI_bodytrack_2048_2_32
========================================
------------------------------
1. Overall execution cycle per core
Core 0: 47275475495268
Core 1: 49045982200177
Core 2: 72976080802
Core 3: 49341509578791
------------------------------
2. Number of compute cycles per core
Core 0: 17729254
Core 1: 17120545
Core 2: 17556877
Core 3: 17140113
------------------------------
3. Number of load/store instructions per core
Core 0: 3270132
Core 1: 3287252
Core 2: 117698
Core 3: 3324919
------------------------------
4. Number of idle cycles per core
Core 0: 28605200
Core 1: 28815344
Core 2: 1385774
Core 3: 28928429
------------------------------
5. Data cache miss rate for each core
Core 0: 0.0715797
Core 1: 0.0709955
Core 2: 0.0879879
Core 3: 0.0710306
------------------------------
6. Amount of Data traffic in bytes on the bus
26754848
------------------------------
7. Number of invalidations or updates on the bus
713
------------------------------
8. Distribution of accesses to private data versus shared data
Core 0: Number of access to private data = 2890901 | Number of access to shared data = 379231
Core 1: Number of access to private data = 2881323 | Number of access to shared data = 405929
Core 2: Number of access to private data = 96643 | Number of access to shared data = 21055
Core 3: Number of access to private data = 2962876 | Number of access to shared data = 362043
============== END OF LOG ==============
========================================
