Output Summary with Inputs: MESI_bodytrack_4096_2_16
========================================
------------------------------
1. Overall execution cycle per core
Core 0: 43538730426098
Core 1: 46449499247003
Core 2: 71788193474
Core 3: 44543838739633
------------------------------
2. Number of compute cycles per core
Core 0: 17729254
Core 1: 17120545
Core 2: 17556877
Core 3: 17140113
------------------------------
3. Number of load/store instructions per core
Core 0: 3270132
Core 1: 3287252
Core 2: 117698
Core 3: 3324919
------------------------------
4. Number of idle cycles per core
Core 0: 26889852
Core 1: 27617386
Core 2: 1478912
Core 3: 27049527
------------------------------
5. Data cache miss rate for each core
Core 0: 0.0663252
Core 1: 0.0665501
Core 2: 0.0921596
Core 3: 0.0654921
------------------------------
6. Amount of Data traffic in bytes on the bus
12812000
------------------------------
7. Number of invalidations or updates on the bus
1758
------------------------------
8. Distribution of accesses to private data versus shared data
Core 0: Number of access to private data = 2774177 | Number of access to shared data = 495955
Core 1: Number of access to private data = 2809494 | Number of access to shared data = 477758
Core 2: Number of access to private data = 95695 | Number of access to shared data = 22003
Core 3: Number of access to private data = 2828114 | Number of access to shared data = 496805
============== END OF LOG ==============
========================================
