Output Summary with Inputs: MESI_bodytrack_4096_2_64
========================================
------------------------------
1. Overall execution cycle per core
Core 0: 35831812352160
Core 1: 36267702596375
Core 2: 54317540778
Core 3: 36635882268127
------------------------------
2. Number of compute cycles per core
Core 0: 17729254
Core 1: 17120545
Core 2: 17556877
Core 3: 17140113
------------------------------
3. Number of load/store instructions per core
Core 0: 3270132
Core 1: 3287252
Core 2: 117698
Core 3: 3324919
------------------------------
4. Number of idle cycles per core
Core 0: 21999444
Core 1: 21833818
Core 2: 987862
Core 3: 21997343
------------------------------
5. Data cache miss rate for each core
Core 0: 0.0556993
Core 1: 0.0548796
Core 2: 0.0648354
Core 3: 0.055121
------------------------------
6. Amount of Data traffic in bytes on the bus
39497984
------------------------------
7. Number of invalidations or updates on the bus
1167
------------------------------
8. Distribution of accesses to private data versus shared data
Core 0: Number of access to private data = 2789233 | Number of access to shared data = 480899
Core 1: Number of access to private data = 2784996 | Number of access to shared data = 502256
Core 2: Number of access to private data = 94464 | Number of access to shared data = 23234
Core 3: Number of access to private data = 2807133 | Number of access to shared data = 517786
============== END OF LOG ==============
========================================
