Output Summary with Inputs: MESI_bodytrack_4096_2_256
========================================
------------------------------
1. Overall execution cycle per core
Core 0: 54033750311602
Core 1: 53445559000291
Core 2: 129664875272
Core 3: 56111352878253
------------------------------
2. Number of compute cycles per core
Core 0: 17729254
Core 1: 17120545
Core 2: 17556877
Core 3: 17140113
------------------------------
3. Number of load/store instructions per core
Core 0: 3270132
Core 1: 3287252
Core 2: 117698
Core 3: 3324919
------------------------------
4. Number of idle cycles per core
Core 0: 29546270
Core 1: 28793570
Core 2: 2014238
Core 3: 29641185
------------------------------
5. Data cache miss rate for each core
Core 0: 0.068744
Core 1: 0.0665167
Core 2: 0.116043
Core 3: 0.0674434
------------------------------
6. Amount of Data traffic in bytes on the bus
194917632
------------------------------
7. Number of invalidations or updates on the bus
995
------------------------------
8. Distribution of accesses to private data versus shared data
Core 0: Number of access to private data = 2675201 | Number of access to shared data = 594931
Core 1: Number of access to private data = 2705805 | Number of access to shared data = 581447
Core 2: Number of access to private data = 95739 | Number of access to shared data = 21959
Core 3: Number of access to private data = 2766254 | Number of access to shared data = 558665
============== END OF LOG ==============
========================================
