Output Summary with Inputs: MESI_blackscholes_4096_2_8
========================================
------------------------------
1. Overall execution cycle per core
Core 0: 8312278298925
Core 1: 7632198660082
Core 2: 14177355282163
Core 3: 7951614643268
------------------------------
2. Number of compute cycles per core
Core 0: 10430314
Core 1: 10383276
Core 2: 10430338
Core 3: 10394904
------------------------------
3. Number of load/store instructions per core
Core 0: 2497349
Core 1: 2490468
Core 2: 2509057
Core 3: 2503127
------------------------------
4. Number of idle cycles per core
Core 0: 6395405
Core 1: 6116478
Core 2: 8740609
Core 3: 6259967
------------------------------
5. Data cache miss rate for each core
Core 0: 0.0134106
Core 1: 0.0127984
Core 2: 0.0186229
Core 3: 0.0130796
------------------------------
6. Amount of Data traffic in bytes on the bus
1481416
------------------------------
7. Number of invalidations or updates on the bus
653
------------------------------
8. Distribution of accesses to private data versus shared data
Core 0: Number of access to private data = 2024738 | Number of access to shared data = 472611
Core 1: Number of access to private data = 2019036 | Number of access to shared data = 471432
Core 2: Number of access to private data = 2037906 | Number of access to shared data = 471151
Core 3: Number of access to private data = 2030085 | Number of access to shared data = 473042
============== END OF LOG ==============
========================================
