Output Summary with Inputs: MESI_blackscholes_8192_2_32
========================================
------------------------------
1. Overall execution cycle per core
Core 0: 6162528900001
Core 1: 5951422708676
Core 2: 8000885315441
Core 3: 6094323448732
------------------------------
2. Number of compute cycles per core
Core 0: 10430314
Core 1: 10383276
Core 2: 10430338
Core 3: 10394904
------------------------------
3. Number of load/store instructions per core
Core 0: 2497349
Core 1: 2490468
Core 2: 2509057
Core 3: 2503127
------------------------------
4. Number of idle cycles per core
Core 0: 4863283
Core 1: 4765384
Core 2: 5590025
Core 3: 4820325
------------------------------
5. Data cache miss rate for each core
Core 0: 0.00927744
Core 1: 0.00911756
Core 2: 0.0110807
Core 3: 0.00921527
------------------------------
6. Amount of Data traffic in bytes on the bus
3405440
------------------------------
7. Number of invalidations or updates on the bus
310
------------------------------
8. Distribution of accesses to private data versus shared data
Core 0: Number of access to private data = 2023928 | Number of access to shared data = 473421
Core 1: Number of access to private data = 2017137 | Number of access to shared data = 473331
Core 2: Number of access to private data = 2035818 | Number of access to shared data = 473239
Core 3: Number of access to private data = 2027569 | Number of access to shared data = 475558
============== END OF LOG ==============
========================================
