Output Summary with Inputs: MESI_fluidanimate_8192_2_32
========================================
------------------------------
1. Overall execution cycle per core
Core 0: 41400939739542
Core 1: 35644600288407
Core 2: 44323675293504
Core 3: 35431815372610
------------------------------
2. Number of compute cycles per core
Core 0: 11337782
Core 1: 11290799
Core 2: 11337671
Core 3: 11301515
------------------------------
3. Number of load/store instructions per core
Core 0: 2576503
Core 1: 2407844
Core 2: 2604189
Core 3: 2411465
------------------------------
4. Number of idle cycles per core
Core 0: 21895355
Core 1: 20092004
Core 2: 23010765
Core 3: 19944425
------------------------------
5. Data cache miss rate for each core
Core 0: 0.0466947
Core 1: 0.0465076
Core 2: 0.0488279
Core 3: 0.0460716
------------------------------
6. Amount of Data traffic in bytes on the bus
25037600
------------------------------
7. Number of invalidations or updates on the bus
3496
------------------------------
8. Distribution of accesses to private data versus shared data
Core 0: Number of access to private data = 2128965 | Number of access to shared data = 447538
Core 1: Number of access to private data = 1961422 | Number of access to shared data = 446422
Core 2: Number of access to private data = 2163676 | Number of access to shared data = 440513
Core 3: Number of access to private data = 1958627 | Number of access to shared data = 452838
============== END OF LOG ==============
========================================
