Output Summary with Inputs: MESI_bodytrack_4096_64_32
========================================
------------------------------
1. Overall execution cycle per core
Core 0: 34733559942132
Core 1: 36696438904043
Core 2: 48982344094
Core 3: 35857579103607
------------------------------
2. Number of compute cycles per core
Core 0: 17729254
Core 1: 17120545
Core 2: 17556877
Core 3: 17140113
------------------------------
3. Number of load/store instructions per core
Core 0: 3270132
Core 1: 3287252
Core 2: 117698
Core 3: 3324919
------------------------------
4. Number of idle cycles per core
Core 0: 21733492
Core 1: 22268486
Core 2: 939712
Core 3: 21905427
------------------------------
5. Data cache miss rate for each core
Core 0: 0.0526655
Core 1: 0.0538054
Core 2: 0.0591259
Core 3: 0.0533679
------------------------------
6. Amount of Data traffic in bytes on the bus
19419680
------------------------------
7. Number of invalidations or updates on the bus
1818
------------------------------
8. Distribution of accesses to private data versus shared data
Core 0: Number of access to private data = 2923616 | Number of access to shared data = 346516
Core 1: Number of access to private data = 2867682 | Number of access to shared data = 419570
Core 2: Number of access to private data = 96336 | Number of access to shared data = 21362
Core 3: Number of access to private data = 2861487 | Number of access to shared data = 463432
============== END OF LOG ==============
========================================
