Output Summary with Inputs: MESI_blackscholes_4096_2_32
========================================
------------------------------
1. Overall execution cycle per core
Core 0: 8011678502619
Core 1: 7811518392078
Core 2: 10027733492319
Core 3: 8050713892076
------------------------------
2. Number of compute cycles per core
Core 0: 10430314
Core 1: 10383276
Core 2: 10430338
Core 3: 10394904
------------------------------
3. Number of load/store instructions per core
Core 0: 2497349
Core 1: 2490468
Core 2: 2509057
Core 3: 2503127
------------------------------
4. Number of idle cycles per core
Core 0: 6349031
Core 1: 6270556
Core 2: 7152467
Core 3: 6370803
------------------------------
5. Data cache miss rate for each core
Core 0: 0.0143953
Core 1: 0.0141969
Core 2: 0.0163069
Core 3: 0.0143804
------------------------------
6. Amount of Data traffic in bytes on the bus
5753504
------------------------------
7. Number of invalidations or updates on the bus
238
------------------------------
8. Distribution of accesses to private data versus shared data
Core 0: Number of access to private data = 2027718 | Number of access to shared data = 469631
Core 1: Number of access to private data = 2022075 | Number of access to shared data = 468393
Core 2: Number of access to private data = 2040173 | Number of access to shared data = 468884
Core 3: Number of access to private data = 2034337 | Number of access to shared data = 468790
============== END OF LOG ==============
========================================
