Output Summary with Inputs: MESI_fluidanimate_32768_2_32
========================================
------------------------------
1. Overall execution cycle per core
Core 0: 29063386007002
Core 1: 24434093034761
Core 2: 29393541405024
Core 3: 24815360533096
------------------------------
2. Number of compute cycles per core
Core 0: 11337782
Core 1: 11290799
Core 2: 11337671
Core 3: 11301515
------------------------------
3. Number of load/store instructions per core
Core 0: 2576503
Core 1: 2407844
Core 2: 2604189
Core 3: 2411465
------------------------------
4. Number of idle cycles per core
Core 0: 15513911
Core 1: 13940460
Core 2: 15510873
Core 3: 14203201
------------------------------
5. Data cache miss rate for each core
Core 0: 0.0303365
Core 1: 0.0298275
Core 2: 0.0301261
Core 3: 0.0302667
------------------------------
6. Amount of Data traffic in bytes on the bus
16378272
------------------------------
7. Number of invalidations or updates on the bus
6638
------------------------------
8. Distribution of accesses to private data versus shared data
Core 0: Number of access to private data = 2106691 | Number of access to shared data = 469812
Core 1: Number of access to private data = 1941869 | Number of access to shared data = 465975
Core 2: Number of access to private data = 2140873 | Number of access to shared data = 463316
Core 3: Number of access to private data = 1954120 | Number of access to shared data = 457345
============== END OF LOG ==============
========================================
