Output Summary with Inputs: MESI_bodytrack_4096_8_32
========================================
------------------------------
1. Overall execution cycle per core
Core 0: 33580321764242
Core 1: 35651899935235
Core 2: 48189678688
Core 3: 35219760001567
------------------------------
2. Number of compute cycles per core
Core 0: 17729254
Core 1: 17120545
Core 2: 17556877
Core 3: 17140113
------------------------------
3. Number of load/store instructions per core
Core 0: 3270132
Core 1: 3287252
Core 2: 117698
Core 3: 3324919
------------------------------
4. Number of idle cycles per core
Core 0: 21097954
Core 1: 21771758
Core 2: 952654
Core 3: 21637153
------------------------------
5. Data cache miss rate for each core
Core 0: 0.052537
Core 1: 0.05327
Core 2: 0.0609781
Core 3: 0.0527736
------------------------------
6. Amount of Data traffic in bytes on the bus
19266944
------------------------------
7. Number of invalidations or updates on the bus
1419
------------------------------
8. Distribution of accesses to private data versus shared data
Core 0: Number of access to private data = 2716796 | Number of access to shared data = 553336
Core 1: Number of access to private data = 2684943 | Number of access to shared data = 602309
Core 2: Number of access to private data = 96063 | Number of access to shared data = 21635
Core 3: Number of access to private data = 2841948 | Number of access to shared data = 482971
============== END OF LOG ==============
========================================
