Output Summary with Inputs: MESI_blackscholes_4096_2_256
========================================
------------------------------
1. Overall execution cycle per core
Core 0: 26832035307443
Core 1: 26746734222810
Core 2: 27767710886307
Core 3: 27406933213686
------------------------------
2. Number of compute cycles per core
Core 0: 10430314
Core 1: 10383276
Core 2: 10430338
Core 3: 10394904
------------------------------
3. Number of load/store instructions per core
Core 0: 2497349
Core 1: 2490468
Core 2: 2509057
Core 3: 2503127
------------------------------
4. Number of idle cycles per core
Core 0: 21447997
Core 1: 21446768
Core 2: 21900217
Core 3: 21828321
------------------------------
5. Data cache miss rate for each core
Core 0: 0.0600757
Core 1: 0.0603385
Core 2: 0.0611784
Core 3: 0.0611791
------------------------------
6. Amount of Data traffic in bytes on the bus
173293824
------------------------------
7. Number of invalidations or updates on the bus
63
------------------------------
8. Distribution of accesses to private data versus shared data
Core 0: Number of access to private data = 2121400 | Number of access to shared data = 375949
Core 1: Number of access to private data = 2119221 | Number of access to shared data = 371247
Core 2: Number of access to private data = 2145580 | Number of access to shared data = 363477
Core 3: Number of access to private data = 2129916 | Number of access to shared data = 373211
============== END OF LOG ==============
========================================
