Output Summary with Inputs: MESI_fluidanimate_4096_64_32
========================================
------------------------------
1. Overall execution cycle per core
Core 0: 42429775670622
Core 1: 36775827469389
Core 2: 45863541332370
Core 3: 36366833367526
------------------------------
2. Number of compute cycles per core
Core 0: 11337782
Core 1: 11290799
Core 2: 11337671
Core 3: 11301515
------------------------------
3. Number of load/store instructions per core
Core 0: 2576503
Core 1: 2407844
Core 2: 2604189
Core 3: 2411465
------------------------------
4. Number of idle cycles per core
Core 0: 22310835
Core 1: 20474874
Core 2: 23667121
Core 3: 20147737
------------------------------
5. Data cache miss rate for each core
Core 0: 0.0464614
Core 1: 0.0460437
Core 2: 0.0492791
Core 3: 0.0451319
------------------------------
6. Amount of Data traffic in bytes on the bus
25272128
------------------------------
7. Number of invalidations or updates on the bus
2367
------------------------------
8. Distribution of accesses to private data versus shared data
Core 0: Number of access to private data = 2135249 | Number of access to shared data = 441254
Core 1: Number of access to private data = 1963122 | Number of access to shared data = 444722
Core 2: Number of access to private data = 2174261 | Number of access to shared data = 429928
Core 3: Number of access to private data = 1970489 | Number of access to shared data = 440976
============== END OF LOG ==============
========================================
