Output Summary with Inputs: MESI_bodytrack_4096_2_32
========================================
------------------------------
1. Overall execution cycle per core
Core 0: 36386743882846
Core 1: 37885679901267
Core 2: 54419052510
Core 3: 37130623033113
------------------------------
2. Number of compute cycles per core
Core 0: 17729254
Core 1: 17120545
Core 2: 17556877
Core 3: 17140113
------------------------------
3. Number of load/store instructions per core
Core 0: 3270132
Core 1: 3287252
Core 2: 117698
Core 3: 3324919
------------------------------
4. Number of idle cycles per core
Core 0: 22571020
Core 1: 22854624
Core 2: 1081780
Core 3: 22626999
------------------------------
5. Data cache miss rate for each core
Core 0: 0.0563711
Core 1: 0.055996
Core 2: 0.0701796
Core 3: 0.0557111
------------------------------
6. Amount of Data traffic in bytes on the bus
20643584
------------------------------
7. Number of invalidations or updates on the bus
1127
------------------------------
8. Distribution of accesses to private data versus shared data
Core 0: Number of access to private data = 2797888 | Number of access to shared data = 472244
Core 1: Number of access to private data = 2819817 | Number of access to shared data = 467435
Core 2: Number of access to private data = 95342 | Number of access to shared data = 22356
Core 3: Number of access to private data = 2840116 | Number of access to shared data = 484803
============== END OF LOG ==============
========================================
