Output Summary with Inputs: MESI_bodytrack_1024_1_16
========================================
------------------------------
2. Number of compute cycles per core
Core 0: 17729254
Core 1: 17120545
Core 2: 17556877
Core 3: 17140113
------------------------------
3. Number of load/store instructions per core
Core 0: 3270132
Core 1: 3287252
Core 2: 117698
Core 3: 3324919
------------------------------
4. Number of idle cycles per core
Core 0: 41515648
Core 1: 41210658
Core 2: 1856200
Core 3: 42483341
------------------------------
5. Data cache miss rate for each core
Core 0: 0.129753
Core 1: 0.126948
Core 2: 0.171031
Core 3: 0.130936
------------------------------
8. Distribution of accesses to private data versus shared data
Core 0: Number of access to private data = 424309 | Number of access to shared data = 3270132
Core 1: Number of access to private data = 417310 | Number of access to shared data = 3287252
Core 2: Number of access to private data = 20130 | Number of access to shared data = 117698
Core 3: Number of access to private data = 435352 | Number of access to shared data = 3324919
============== END OF LOG ==============
========================================
