Output Summary with Inputs: MESI_blackscholes_4096_2_64
========================================
------------------------------
1. Overall execution cycle per core
Core 0: 10492190543497
Core 1: 10282479994020
Core 2: 11808414180407
Core 3: 10545832147674
------------------------------
2. Number of compute cycles per core
Core 0: 10430314
Core 1: 10383276
Core 2: 10430338
Core 3: 10394904
------------------------------
3. Number of load/store instructions per core
Core 0: 2497349
Core 1: 2490468
Core 2: 2509057
Core 3: 2503127
------------------------------
4. Number of idle cycles per core
Core 0: 8361035
Core 1: 8254342
Core 2: 8891133
Core 3: 8359075
------------------------------
5. Data cache miss rate for each core
Core 0: 0.0252856
Core 1: 0.024964
Core 2: 0.026323
Core 3: 0.0250866
------------------------------
6. Amount of Data traffic in bytes on the bus
19540096
------------------------------
7. Number of invalidations or updates on the bus
174
------------------------------
8. Distribution of accesses to private data versus shared data
Core 0: Number of access to private data = 2035303 | Number of access to shared data = 462046
Core 1: Number of access to private data = 2028877 | Number of access to shared data = 461591
Core 2: Number of access to private data = 2051089 | Number of access to shared data = 457968
Core 3: Number of access to private data = 2039367 | Number of access to shared data = 463760
============== END OF LOG ==============
========================================
