Output Summary with Inputs: MESI_bodytrack_4096_4_32
========================================
------------------------------
1. Overall execution cycle per core
Core 0: 34617063992642
Core 1: 36478693315233
Core 2: 48661140708
Core 3: 36316675369221
------------------------------
2. Number of compute cycles per core
Core 0: 17729254
Core 1: 17120545
Core 2: 17556877
Core 3: 17140113
------------------------------
3. Number of load/store instructions per core
Core 0: 3270132
Core 1: 3287252
Core 2: 117698
Core 3: 3324919
------------------------------
4. Number of idle cycles per core
Core 0: 21564880
Core 1: 22159534
Core 2: 969894
Core 3: 22231053
------------------------------
5. Data cache miss rate for each core
Core 0: 0.053218
Core 1: 0.0538973
Core 2: 0.0620486
Core 3: 0.0535778
------------------------------
6. Amount of Data traffic in bytes on the bus
19586720
------------------------------
7. Number of invalidations or updates on the bus
1276
------------------------------
8. Distribution of accesses to private data versus shared data
Core 0: Number of access to private data = 2786235 | Number of access to shared data = 483897
Core 1: Number of access to private data = 2808491 | Number of access to shared data = 478761
Core 2: Number of access to private data = 95786 | Number of access to shared data = 21912
Core 3: Number of access to private data = 2916684 | Number of access to shared data = 408235
============== END OF LOG ==============
========================================
