Output Summary with Inputs: MESI_blackscholes_32768_2_32
========================================
------------------------------
1. Overall execution cycle per core
Core 0: 5100929232051
Core 1: 4983366006380
Core 2: 6423002253411
Core 3: 5107071358460
------------------------------
2. Number of compute cycles per core
Core 0: 10430314
Core 1: 10383276
Core 2: 10430338
Core 3: 10394904
------------------------------
3. Number of load/store instructions per core
Core 0: 2497349
Core 1: 2490468
Core 2: 2509057
Core 3: 2503127
------------------------------
4. Number of idle cycles per core
Core 0: 4028447
Core 1: 4004902
Core 2: 4561513
Core 3: 4060121
------------------------------
5. Data cache miss rate for each core
Core 0: 0.00609166
Core 1: 0.00597759
Core 2: 0.00733184
Core 3: 0.00608
------------------------------
6. Amount of Data traffic in bytes on the bus
2239168
------------------------------
7. Number of invalidations or updates on the bus
511
------------------------------
8. Distribution of accesses to private data versus shared data
Core 0: Number of access to private data = 2023223 | Number of access to shared data = 474126
Core 1: Number of access to private data = 2016860 | Number of access to shared data = 473608
Core 2: Number of access to private data = 2035274 | Number of access to shared data = 473783
Core 3: Number of access to private data = 2027370 | Number of access to shared data = 475757
============== END OF LOG ==============
========================================
