Output Summary with Inputs: MESI_fluidanimate_2048_2_32
========================================
------------------------------
1. Overall execution cycle per core
Core 0: 54216243558606
Core 1: 44939543843903
Core 2: 58011716577788
Core 3: 44692465249026
------------------------------
2. Number of compute cycles per core
Core 0: 11337782
Core 1: 11290799
Core 2: 11337671
Core 3: 11301515
------------------------------
3. Number of load/store instructions per core
Core 0: 2576503
Core 1: 2407844
Core 2: 2604189
Core 3: 2411465
------------------------------
4. Number of idle cycles per core
Core 0: 31819433
Core 1: 27129076
Core 2: 33320331
Core 3: 26938201
------------------------------
5. Data cache miss rate for each core
Core 0: 0.0775994
Core 1: 0.0695581
Core 2: 0.0803317
Core 3: 0.069131
------------------------------
6. Amount of Data traffic in bytes on the bus
36318560
------------------------------
7. Number of invalidations or updates on the bus
1320
------------------------------
8. Distribution of accesses to private data versus shared data
Core 0: Number of access to private data = 2146780 | Number of access to shared data = 429723
Core 1: Number of access to private data = 1986984 | Number of access to shared data = 420860
Core 2: Number of access to private data = 2186162 | Number of access to shared data = 418027
Core 3: Number of access to private data = 1991203 | Number of access to shared data = 420262
============== END OF LOG ==============
========================================
