Output Summary with Inputs: MESI_bodytrack_4096_1_32
========================================
------------------------------
1. Overall execution cycle per core
Core 0: 43755496241470
Core 1: 45742858621701
Core 2: 64069971490
Core 3: 46750570251995
------------------------------
2. Number of compute cycles per core
Core 0: 17729254
Core 1: 17120545
Core 2: 17556877
Core 3: 17140113
------------------------------
3. Number of load/store instructions per core
Core 0: 3270132
Core 1: 3287252
Core 2: 117698
Core 3: 3324919
------------------------------
4. Number of idle cycles per core
Core 0: 25987536
Core 1: 26586622
Core 2: 1272886
Core 3: 27369821
------------------------------
5. Data cache miss rate for each core
Core 0: 0.0656377
Core 1: 0.0668884
Core 2: 0.0874356
Core 3: 0.0675809
------------------------------
6. Amount of Data traffic in bytes on the bus
25362720
------------------------------
7. Number of invalidations or updates on the bus
1422
------------------------------
8. Distribution of accesses to private data versus shared data
Core 0: Number of access to private data = 2776347 | Number of access to shared data = 493785
Core 1: Number of access to private data = 2795481 | Number of access to shared data = 491771
Core 2: Number of access to private data = 94107 | Number of access to shared data = 23591
Core 3: Number of access to private data = 2868046 | Number of access to shared data = 456873
============== END OF LOG ==============
========================================
