Output Summary with Inputs: MESI_fluidanimate_16384_2_32
========================================
------------------------------
1. Overall execution cycle per core
Core 0: 33299809329962
Core 1: 28067131428193
Core 2: 34318030673452
Core 3: 28026483624288
------------------------------
2. Number of compute cycles per core
Core 0: 11337782
Core 1: 11290799
Core 2: 11337671
Core 3: 11301515
------------------------------
3. Number of load/store instructions per core
Core 0: 2576503
Core 1: 2407844
Core 2: 2604189
Core 3: 2411465
------------------------------
4. Number of idle cycles per core
Core 0: 17719477
Core 1: 15907994
Core 2: 17950641
Core 3: 15959875
------------------------------
5. Data cache miss rate for each core
Core 0: 0.0360229
Core 1: 0.0353482
Core 2: 0.0363142
Core 3: 0.0354067
------------------------------
6. Amount of Data traffic in bytes on the bus
19241856
------------------------------
7. Number of invalidations or updates on the bus
5121
------------------------------
8. Distribution of accesses to private data versus shared data
Core 0: Number of access to private data = 2117862 | Number of access to shared data = 458641
Core 1: Number of access to private data = 1945330 | Number of access to shared data = 462514
Core 2: Number of access to private data = 2157661 | Number of access to shared data = 446528
Core 3: Number of access to private data = 1952811 | Number of access to shared data = 458654
============== END OF LOG ==============
========================================
