Output Summary with Inputs: MESI_bodytrack_4096_32_32
========================================
------------------------------
1. Overall execution cycle per core
Core 0: 33144443301900
Core 1: 36261544386367
Core 2: 48971249754
Core 3: 35686831019943
------------------------------
2. Number of compute cycles per core
Core 0: 17729254
Core 1: 17120545
Core 2: 17556877
Core 3: 17140113
------------------------------
3. Number of load/store instructions per core
Core 0: 3270132
Core 1: 3287252
Core 2: 117698
Core 3: 3324919
------------------------------
4. Number of idle cycles per core
Core 0: 20850372
Core 1: 21934500
Core 2: 939112
Core 3: 21741161
------------------------------
5. Data cache miss rate for each core
Core 0: 0.0525168
Core 1: 0.05358
Core 2: 0.0592618
Core 3: 0.0530786
------------------------------
6. Amount of Data traffic in bytes on the bus
19340608
------------------------------
7. Number of invalidations or updates on the bus
1834
------------------------------
8. Distribution of accesses to private data versus shared data
Core 0: Number of access to private data = 2555265 | Number of access to shared data = 714867
Core 1: Number of access to private data = 2731841 | Number of access to shared data = 555411
Core 2: Number of access to private data = 96242 | Number of access to shared data = 21456
Core 3: Number of access to private data = 2810067 | Number of access to shared data = 514852
============== END OF LOG ==============
========================================
