Output Summary with Inputs: MESI_blackscholes_2048_2_32
========================================
------------------------------
1. Overall execution cycle per core
Core 0: 15230653506905
Core 1: 14917793260378
Core 2: 17425978323413
Core 3: 15333425144362
------------------------------
2. Number of compute cycles per core
Core 0: 10430314
Core 1: 10383276
Core 2: 10430338
Core 3: 10394904
------------------------------
3. Number of load/store instructions per core
Core 0: 2497349
Core 1: 2490468
Core 2: 2509057
Core 3: 2503127
------------------------------
4. Number of idle cycles per core
Core 0: 12100235
Core 1: 11948258
Core 2: 12989069
Core 3: 12140289
------------------------------
5. Data cache miss rate for each core
Core 0: 0.0432595
Core 1: 0.043483
Core 2: 0.0457813
Core 3: 0.0440797
------------------------------
6. Amount of Data traffic in bytes on the bus
17619264
------------------------------
7. Number of invalidations or updates on the bus
153
------------------------------
8. Distribution of accesses to private data versus shared data
Core 0: Number of access to private data = 2047523 | Number of access to shared data = 449826
Core 1: Number of access to private data = 2040689 | Number of access to shared data = 449779
Core 2: Number of access to private data = 2062813 | Number of access to shared data = 446244
Core 3: Number of access to private data = 2052647 | Number of access to shared data = 450480
============== END OF LOG ==============
========================================
