Output Summary with Inputs: MESI_blackscholes_4096_32_32
========================================
------------------------------
1. Overall execution cycle per core
Core 0: 3955652816779
Core 1: 3725237103018
Core 2: 5939332849013
Core 3: 3927157785866
------------------------------
2. Number of compute cycles per core
Core 0: 10430314
Core 1: 10383276
Core 2: 10430338
Core 3: 10394904
------------------------------
3. Number of load/store instructions per core
Core 0: 2497349
Core 1: 2490468
Core 2: 2509057
Core 3: 2503127
------------------------------
4. Number of idle cycles per core
Core 0: 3077319
Core 1: 2966956
Core 2: 3860753
Core 3: 3056805
------------------------------
5. Data cache miss rate for each core
Core 0: 0.00204337
Core 1: 0.00176874
Core 2: 0.00398596
Core 3: 0.00204185
------------------------------
6. Amount of Data traffic in bytes on the bus
1023552
------------------------------
7. Number of invalidations or updates on the bus
220
------------------------------
8. Distribution of accesses to private data versus shared data
Core 0: Number of access to private data = 2023846 | Number of access to shared data = 473503
Core 1: Number of access to private data = 2017860 | Number of access to shared data = 472608
Core 2: Number of access to private data = 2036162 | Number of access to shared data = 472895
Core 3: Number of access to private data = 2027697 | Number of access to shared data = 475430
============== END OF LOG ==============
========================================
