Output Summary with Inputs: MESI_blackscholes_4096_2_512
========================================
------------------------------
1. Overall execution cycle per core
Core 0: 63831595424683
Core 1: 63524331137674
Core 2: 64581242011847
Core 3: 64058478170662
------------------------------
2. Number of compute cycles per core
Core 0: 10430314
Core 1: 10383276
Core 2: 10430338
Core 3: 10394904
------------------------------
3. Number of load/store instructions per core
Core 0: 2497349
Core 1: 2490468
Core 2: 2509057
Core 3: 2503127
------------------------------
4. Number of idle cycles per core
Core 0: 51159783
Core 1: 50976734
Core 2: 51417863
Core 3: 51085627
------------------------------
5. Data cache miss rate for each core
Core 0: 0.109541
Core 1: 0.109648
Core 2: 0.109802
Core 3: 0.109589
------------------------------
6. Amount of Data traffic in bytes on the bus
667701248
------------------------------
7. Number of invalidations or updates on the bus
55
------------------------------
8. Distribution of accesses to private data versus shared data
Core 0: Number of access to private data = 2216653 | Number of access to shared data = 280696
Core 1: Number of access to private data = 2215551 | Number of access to shared data = 274917
Core 2: Number of access to private data = 2231657 | Number of access to shared data = 277400
Core 3: Number of access to private data = 2226714 | Number of access to shared data = 276413
============== END OF LOG ==============
========================================
