Output Summary with Inputs: MESI_blackscholes_4096_8_32
========================================
------------------------------
1. Overall execution cycle per core
Core 0: 4929371392545
Core 1: 4738517104854
Core 2: 6945739128019
Core 3: 4958084579502
------------------------------
2. Number of compute cycles per core
Core 0: 10430314
Core 1: 10383276
Core 2: 10430338
Core 3: 10394904
------------------------------
3. Number of load/store instructions per core
Core 0: 2497349
Core 1: 2490468
Core 2: 2509057
Core 3: 2503127
------------------------------
4. Number of idle cycles per core
Core 0: 3857221
Core 1: 3782510
Core 2: 4665043
Core 3: 3892885
------------------------------
5. Data cache miss rate for each core
Core 0: 0.00595912
Core 1: 0.0058222
Core 2: 0.00795996
Core 3: 0.00609398
------------------------------
6. Amount of Data traffic in bytes on the bus
2420896
------------------------------
7. Number of invalidations or updates on the bus
225
------------------------------
8. Distribution of accesses to private data versus shared data
Core 0: Number of access to private data = 2023778 | Number of access to shared data = 473571
Core 1: Number of access to private data = 2017868 | Number of access to shared data = 472600
Core 2: Number of access to private data = 2036677 | Number of access to shared data = 472380
Core 3: Number of access to private data = 2032236 | Number of access to shared data = 470891
============== END OF LOG ==============
========================================
