Output Summary with Inputs: MESI_bodytrack_8192_2_32
========================================
------------------------------
1. Overall execution cycle per core
Core 0: 29297882078662
Core 1: 31082433722499
Core 2: 33328050962
Core 3: 30194901618423
------------------------------
2. Number of compute cycles per core
Core 0: 17729254
Core 1: 17120545
Core 2: 17556877
Core 3: 17140113
------------------------------
3. Number of load/store instructions per core
Core 0: 3270132
Core 1: 3287252
Core 2: 117698
Core 3: 3324919
------------------------------
4. Number of idle cycles per core
Core 0: 19011800
Core 1: 19640794
Core 2: 717576
Core 3: 19297083
------------------------------
5. Data cache miss rate for each core
Core 0: 0.0482482
Core 1: 0.0490893
Core 2: 0.044954
Core 3: 0.0482282
------------------------------
6. Amount of Data traffic in bytes on the bus
17689024
------------------------------
7. Number of invalidations or updates on the bus
1314
------------------------------
8. Distribution of accesses to private data versus shared data
Core 0: Number of access to private data = 2712607 | Number of access to shared data = 557525
Core 1: Number of access to private data = 2726724 | Number of access to shared data = 560528
Core 2: Number of access to private data = 93831 | Number of access to shared data = 23867
Core 3: Number of access to private data = 2765325 | Number of access to shared data = 559594
============== END OF LOG ==============
========================================
