Output Summary with Inputs: MESI_blackscholes_4096_2_128
========================================
------------------------------
1. Overall execution cycle per core
Core 0: 13265237801307
Core 1: 13063071037256
Core 2: 14225321058855
Core 3: 13332626157338
------------------------------
2. Number of compute cycles per core
Core 0: 10430314
Core 1: 10383276
Core 2: 10430338
Core 3: 10394904
------------------------------
3. Number of load/store instructions per core
Core 0: 2497349
Core 1: 2490468
Core 2: 2509057
Core 3: 2503127
------------------------------
4. Number of idle cycles per core
Core 0: 10601039
Core 1: 10498690
Core 2: 10969765
Core 3: 10589607
------------------------------
5. Data cache miss rate for each core
Core 0: 0.0307378
Core 1: 0.0304886
Core 2: 0.0314612
Core 3: 0.0304399
------------------------------
6. Amount of Data traffic in bytes on the bus
47152256
------------------------------
7. Number of invalidations or updates on the bus
140
------------------------------
8. Distribution of accesses to private data versus shared data
Core 0: Number of access to private data = 2059614 | Number of access to shared data = 437735
Core 1: Number of access to private data = 2052766 | Number of access to shared data = 437702
Core 2: Number of access to private data = 2071387 | Number of access to shared data = 437670
Core 3: Number of access to private data = 2065624 | Number of access to shared data = 437503
============== END OF LOG ==============
========================================
