Output Summary with Inputs: MESI_bodytrack_4096_16_32
========================================
------------------------------
1. Overall execution cycle per core
Core 0: 34441434770038
Core 1: 35766762068947
Core 2: 48879075452
Core 3: 35213933147553
------------------------------
2. Number of compute cycles per core
Core 0: 17729254
Core 1: 17120545
Core 2: 17556877
Core 3: 17140113
------------------------------
3. Number of load/store instructions per core
Core 0: 3270132
Core 1: 3287252
Core 2: 117698
Core 3: 3324919
------------------------------
4. Number of idle cycles per core
Core 0: 21556536
Core 1: 21566608
Core 2: 961642
Core 3: 21623681
------------------------------
5. Data cache miss rate for each core
Core 0: 0.0525398
Core 1: 0.0532785
Core 2: 0.0607572
Core 3: 0.0527905
------------------------------
6. Amount of Data traffic in bytes on the bus
19266720
------------------------------
7. Number of invalidations or updates on the bus
1571
------------------------------
8. Distribution of accesses to private data versus shared data
Core 0: Number of access to private data = 2830842 | Number of access to shared data = 439290
Core 1: Number of access to private data = 2594473 | Number of access to shared data = 692779
Core 2: Number of access to private data = 96138 | Number of access to shared data = 21560
Core 3: Number of access to private data = 2812882 | Number of access to shared data = 512037
============== END OF LOG ==============
========================================
