Output Summary with Inputs: MESI_blackscholes_4096_2_16
========================================
------------------------------
1. Overall execution cycle per core
Core 0: 8280395898563
Core 1: 7881204801668
Core 2: 11578320513413
Core 3: 8145910081966
------------------------------
2. Number of compute cycles per core
Core 0: 10430314
Core 1: 10383276
Core 2: 10430338
Core 3: 10394904
------------------------------
3. Number of load/store instructions per core
Core 0: 2497349
Core 1: 2490468
Core 2: 2509057
Core 3: 2503127
------------------------------
4. Number of idle cycles per core
Core 0: 6495819
Core 1: 6321050
Core 2: 7817453
Core 3: 6428403
------------------------------
5. Data cache miss rate for each core
Core 0: 0.0139972
Core 1: 0.0136529
Core 2: 0.0170024
Core 3: 0.0138938
------------------------------
6. Amount of Data traffic in bytes on the bus
2937136
------------------------------
7. Number of invalidations or updates on the bus
354
------------------------------
8. Distribution of accesses to private data versus shared data
Core 0: Number of access to private data = 2026147 | Number of access to shared data = 471202
Core 1: Number of access to private data = 2019741 | Number of access to shared data = 470727
Core 2: Number of access to private data = 2040110 | Number of access to shared data = 468947
Core 3: Number of access to private data = 2030201 | Number of access to shared data = 472926
============== END OF LOG ==============
========================================
