Output Summary with Inputs: MESI_bodytrack_1024_2_32
========================================
------------------------------
1. Overall execution cycle per core
Core 0: 73726329117058
Core 1: 75321343415627
Core 2: 110268152178
Core 3: 76508846380391
------------------------------
2. Number of compute cycles per core
Core 0: 17729254
Core 1: 17120545
Core 2: 17556877
Core 3: 17140113
------------------------------
3. Number of load/store instructions per core
Core 0: 3270132
Core 1: 3287252
Core 2: 117698
Core 3: 3324919
------------------------------
4. Number of idle cycles per core
Core 0: 40661120
Core 1: 41136888
Core 2: 1946554
Core 3: 41510363
------------------------------
5. Data cache miss rate for each core
Core 0: 0.100723
Core 1: 0.101492
Core 2: 0.125083
Core 3: 0.102664
------------------------------
6. Amount of Data traffic in bytes on the bus
39899296
------------------------------
7. Number of invalidations or updates on the bus
216
------------------------------
8. Distribution of accesses to private data versus shared data
Core 0: Number of access to private data = 2999069 | Number of access to shared data = 271063
Core 1: Number of access to private data = 3014000 | Number of access to shared data = 273252
Core 2: Number of access to private data = 97527 | Number of access to shared data = 20171
Core 3: Number of access to private data = 2953680 | Number of access to shared data = 371239
============== END OF LOG ==============
========================================
