Output Summary with Inputs: MESI_blackscholes_4096_64_32
========================================
------------------------------
1. Overall execution cycle per core
Core 0: 3954708607043
Core 1: 3716095637462
Core 2: 5947485865255
Core 3: 3930247574706
------------------------------
2. Number of compute cycles per core
Core 0: 10430314
Core 1: 10383276
Core 2: 10430338
Core 3: 10394904
------------------------------
3. Number of load/store instructions per core
Core 0: 2497349
Core 1: 2490468
Core 2: 2509057
Core 3: 2503127
------------------------------
4. Number of idle cycles per core
Core 0: 3082009
Core 1: 2961450
Core 2: 3867861
Core 3: 3057747
------------------------------
5. Data cache miss rate for each core
Core 0: 0.00204177
Core 1: 0.00177276
Core 2: 0.00399871
Core 3: 0.00203226
------------------------------
6. Amount of Data traffic in bytes on the bus
1023840
------------------------------
7. Number of invalidations or updates on the bus
233
------------------------------
8. Distribution of accesses to private data versus shared data
Core 0: Number of access to private data = 2025132 | Number of access to shared data = 472217
Core 1: Number of access to private data = 2017246 | Number of access to shared data = 473222
Core 2: Number of access to private data = 2036365 | Number of access to shared data = 472692
Core 3: Number of access to private data = 2027983 | Number of access to shared data = 475144
============== END OF LOG ==============
========================================
