Output Summary with Inputs: MESI_bodytrack_16384_2_32
========================================
------------------------------
1. Overall execution cycle per core
Core 0: 25089446252496
Core 1: 26501233241439
Core 2: 23103045344
Core 3: 25403863086987
------------------------------
2. Number of compute cycles per core
Core 0: 17729254
Core 1: 17120545
Core 2: 17556877
Core 3: 17140113
------------------------------
3. Number of load/store instructions per core
Core 0: 3270132
Core 1: 3287252
Core 2: 117698
Core 3: 3324919
------------------------------
4. Number of idle cycles per core
Core 0: 16286014
Core 1: 17426234
Core 2: 523086
Core 3: 16697633
------------------------------
5. Data cache miss rate for each core
Core 0: 0.0435071
Core 1: 0.044066
Core 2: 0.0259138
Core 3: 0.0431223
------------------------------
6. Amount of Data traffic in bytes on the bus
15917152
------------------------------
7. Number of invalidations or updates on the bus
1827
------------------------------
8. Distribution of accesses to private data versus shared data
Core 0: Number of access to private data = 2529993 | Number of access to shared data = 740139
Core 1: Number of access to private data = 2686433 | Number of access to shared data = 600819
Core 2: Number of access to private data = 92870 | Number of access to shared data = 24828
Core 3: Number of access to private data = 2604042 | Number of access to shared data = 720877
============== END OF LOG ==============
========================================
