Output Summary with Inputs: MESI_bodytrack_32768_2_32
========================================
------------------------------
1. Overall execution cycle per core
Core 0: 20905574188362
Core 1: 20535278671763
Core 2: 19033322130
Core 3: 21108574115105
------------------------------
2. Number of compute cycles per core
Core 0: 17729254
Core 1: 17120545
Core 2: 17556877
Core 3: 17140113
------------------------------
3. Number of load/store instructions per core
Core 0: 3270132
Core 1: 3287252
Core 2: 117698
Core 3: 3324919
------------------------------
4. Number of idle cycles per core
Core 0: 13710228
Core 1: 13215182
Core 2: 407176
Core 3: 13702415
------------------------------
5. Data cache miss rate for each core
Core 0: 0.037556
Core 1: 0.0375974
Core 2: 0.021997
Core 3: 0.0372728
------------------------------
6. Amount of Data traffic in bytes on the bus
13701568
------------------------------
7. Number of invalidations or updates on the bus
2434
------------------------------
8. Distribution of accesses to private data versus shared data
Core 0: Number of access to private data = 2418293 | Number of access to shared data = 851839
Core 1: Number of access to private data = 2310281 | Number of access to shared data = 976971
Core 2: Number of access to private data = 92208 | Number of access to shared data = 25490
Core 3: Number of access to private data = 2440828 | Number of access to shared data = 884091
============== END OF LOG ==============
========================================
