Output Summary with Inputs: MOESI_fluidanimate_2048_2_32
========================================
------------------------------
1. Overall execution cycle per core
Core 0: 54192232444840
Core 1: 44870458714349
Core 2: 58050273370014
Core 3: 44675836155664
------------------------------
2. Number of compute cycles per core
Core 0: 11337782
Core 1: 11290799
Core 2: 11337671
Core 3: 11301515
------------------------------
3. Number of load/store instructions per core
Core 0: 2576503
Core 1: 2407844
Core 2: 2604189
Core 3: 2411465
------------------------------
4. Number of idle cycles per core
Core 0: 31811611
Core 1: 27089958
Core 2: 33353293
Core 3: 26925659
------------------------------
5. Data cache miss rate for each core
Core 0: 0.0775827
Core 1: 0.0695103
Core 2: 0.0802403
Core 3: 0.0690244
------------------------------
6. Amount of Data traffic in bytes on the bus
36253856
------------------------------
7. Number of invalidations or updates on the bus
434
------------------------------
8. Distribution of accesses to private data versus shared data
Core 0: Number of access to private data = 2179486 | Number of access to shared data = 397016
Core 1: Number of access to private data = 1989311 | Number of access to shared data = 418514
Core 2: Number of access to private data = 2201317 | Number of access to shared data = 402870
Core 3: Number of access to private data = 1990920 | Number of access to shared data = 420533
============== END OF LOG ==============
========================================
