Output Summary with Inputs: MOESI_fluidanimate_8192_2_32
========================================
------------------------------
1. Overall execution cycle per core
Core 0: 41302146630754
Core 1: 35713492425747
Core 2: 44090572065070
Core 3: 35488364146228
------------------------------
2. Number of compute cycles per core
Core 0: 11337782
Core 1: 11290799
Core 2: 11337671
Core 3: 11301515
------------------------------
3. Number of load/store instructions per core
Core 0: 2576503
Core 1: 2407844
Core 2: 2604189
Core 3: 2411465
------------------------------
4. Number of idle cycles per core
Core 0: 21856335
Core 1: 20125600
Core 2: 22907355
Core 3: 19971725
------------------------------
5. Data cache miss rate for each core
Core 0: 0.0466543
Core 1: 0.0463547
Core 2: 0.0485932
Core 3: 0.0457971
------------------------------
6. Amount of Data traffic in bytes on the bus
24871424
------------------------------
7. Number of invalidations or updates on the bus
1737
------------------------------
8. Distribution of accesses to private data versus shared data
Core 0: Number of access to private data = 2128475 | Number of access to shared data = 448023
Core 1: Number of access to private data = 1966244 | Number of access to shared data = 441572
Core 2: Number of access to private data = 2162935 | Number of access to shared data = 441239
Core 3: Number of access to private data = 1963913 | Number of access to shared data = 447545
============== END OF LOG ==============
========================================
