Output Summary with Inputs: MOESI_bodytrack_4096_2_128
========================================
------------------------------
1. Overall execution cycle per core
Core 0: 39806256680636
Core 1: 39435345827453
Core 2: 76445368302
Core 3: 41365249628515
------------------------------
2. Number of compute cycles per core
Core 0: 17729254
Core 1: 17120545
Core 2: 17556877
Core 3: 17140113
------------------------------
3. Number of load/store instructions per core
Core 0: 3270132
Core 1: 3287252
Core 2: 117698
Core 3: 3324919
------------------------------
4. Number of idle cycles per core
Core 0: 23365120
Core 1: 22744302
Core 2: 1234630
Core 3: 23543049
------------------------------
5. Data cache miss rate for each core
Core 0: 0.059068
Core 1: 0.0569795
Core 2: 0.0792962
Core 3: 0.0583689
------------------------------
6. Amount of Data traffic in bytes on the bus
82259968
------------------------------
7. Number of invalidations or updates on the bus
338
------------------------------
8. Distribution of accesses to private data versus shared data
Core 0: Number of access to private data = 2739157 | Number of access to shared data = 530947
Core 1: Number of access to private data = 2756365 | Number of access to shared data = 530870
Core 2: Number of access to private data = 98569 | Number of access to shared data = 19129
Core 3: Number of access to private data = 2786471 | Number of access to shared data = 538433
============== END OF LOG ==============
========================================
