Output Summary with Inputs: MOESI_fluidanimate_4096_2_16
========================================
------------------------------
1. Overall execution cycle per core
Core 0: 74484194061596
Core 1: 64337886982835
Core 2: 80648081582758
Core 3: 63792470736522
------------------------------
2. Number of compute cycles per core
Core 0: 11337782
Core 1: 11290799
Core 2: 11337671
Core 3: 11301515
------------------------------
3. Number of load/store instructions per core
Core 0: 2576503
Core 1: 2407844
Core 2: 2604189
Core 3: 2411465
------------------------------
4. Number of idle cycles per core
Core 0: 38825913
Core 1: 35550654
Core 2: 41398769
Core 3: 35119727
------------------------------
5. Data cache miss rate for each core
Core 0: 0.0858901
Core 1: 0.0838804
Core 2: 0.0911167
Core 3: 0.0827679
------------------------------
6. Amount of Data traffic in bytes on the bus
23124800
------------------------------
7. Number of invalidations or updates on the bus
1417
------------------------------
8. Distribution of accesses to private data versus shared data
Core 0: Number of access to private data = 2167067 | Number of access to shared data = 409432
Core 1: Number of access to private data = 2002507 | Number of access to shared data = 405311
Core 2: Number of access to private data = 2199947 | Number of access to shared data = 404231
Core 3: Number of access to private data = 1997514 | Number of access to shared data = 413945
============== END OF LOG ==============
========================================
