Output Summary with Inputs: MOESI_blackscholes_4096_2_8
========================================
------------------------------
1. Overall execution cycle per core
Core 0: 8317347853079
Core 1: 7630619188072
Core 2: 14156425289051
Core 3: 7965384507592
------------------------------
2. Number of compute cycles per core
Core 0: 10430314
Core 1: 10383276
Core 2: 10430338
Core 3: 10394904
------------------------------
3. Number of load/store instructions per core
Core 0: 2497349
Core 1: 2490468
Core 2: 2509057
Core 3: 2503127
------------------------------
4. Number of idle cycles per core
Core 0: 6400197
Core 1: 6112766
Core 2: 8735769
Core 3: 6275365
------------------------------
5. Data cache miss rate for each core
Core 0: 0.0134102
Core 1: 0.0127932
Core 2: 0.0186209
Core 3: 0.0130681
------------------------------
6. Amount of Data traffic in bytes on the bus
1476424
------------------------------
7. Number of invalidations or updates on the bus
526
------------------------------
8. Distribution of accesses to private data versus shared data
Core 0: Number of access to private data = 2029696 | Number of access to shared data = 467640
Core 1: Number of access to private data = 2023797 | Number of access to shared data = 466639
Core 2: Number of access to private data = 2042112 | Number of access to shared data = 466911
Core 3: Number of access to private data = 2037940 | Number of access to shared data = 465161
============== END OF LOG ==============
========================================
