Output Summary with Inputs: MOESI_bodytrack_16384_2_32
========================================
------------------------------
1. Overall execution cycle per core
Core 0: 25758595975740
Core 1: 26064648550759
Core 2: 23242852020
Core 3: 25285826309449
------------------------------
2. Number of compute cycles per core
Core 0: 17729254
Core 1: 17120545
Core 2: 17556877
Core 3: 17140113
------------------------------
3. Number of load/store instructions per core
Core 0: 3270132
Core 1: 3287252
Core 2: 117698
Core 3: 3324919
------------------------------
4. Number of idle cycles per core
Core 0: 17353030
Core 1: 16889836
Core 2: 526172
Core 3: 16618039
------------------------------
5. Data cache miss rate for each core
Core 0: 0.0435478
Core 1: 0.0439245
Core 2: 0.0259648
Core 3: 0.0430765
------------------------------
6. Amount of Data traffic in bytes on the bus
15841920
------------------------------
7. Number of invalidations or updates on the bus
972
------------------------------
8. Distribution of accesses to private data versus shared data
Core 0: Number of access to private data = 2746509 | Number of access to shared data = 523444
Core 1: Number of access to private data = 2610159 | Number of access to shared data = 677068
Core 2: Number of access to private data = 93297 | Number of access to shared data = 24401
Core 3: Number of access to private data = 2599438 | Number of access to shared data = 725238
============== END OF LOG ==============
========================================
