Output Summary with Inputs: MOESI_bodytrack_32768_2_32
========================================
------------------------------
1. Overall execution cycle per core
Core 0: 20006509261242
Core 1: 21877593893881
Core 2: 18987991186
Core 3: 20587477331323
------------------------------
2. Number of compute cycles per core
Core 0: 17729254
Core 1: 17120545
Core 2: 17556877
Core 3: 17140113
------------------------------
3. Number of load/store instructions per core
Core 0: 3270132
Core 1: 3287252
Core 2: 117698
Core 3: 3324919
------------------------------
4. Number of idle cycles per core
Core 0: 13201418
Core 1: 14169306
Core 2: 409720
Core 3: 13346361
------------------------------
5. Data cache miss rate for each core
Core 0: 0.0373538
Core 1: 0.0375326
Core 2: 0.0220649
Core 3: 0.0370325
------------------------------
6. Amount of Data traffic in bytes on the bus
13562752
------------------------------
7. Number of invalidations or updates on the bus
1618
------------------------------
8. Distribution of accesses to private data versus shared data
Core 0: Number of access to private data = 2332875 | Number of access to shared data = 936880
Core 1: Number of access to private data = 2510958 | Number of access to shared data = 776176
Core 2: Number of access to private data = 92519 | Number of access to shared data = 25179
Core 3: Number of access to private data = 2354679 | Number of access to shared data = 969984
============== END OF LOG ==============
========================================
