Output Summary with Inputs: MOESI_blackscholes_4096_8_32
========================================
------------------------------
1. Overall execution cycle per core
Core 0: 4929681337945
Core 1: 4738283256518
Core 2: 6958892843971
Core 3: 4937354438278
------------------------------
2. Number of compute cycles per core
Core 0: 10430314
Core 1: 10383276
Core 2: 10430338
Core 3: 10394904
------------------------------
3. Number of load/store instructions per core
Core 0: 2497349
Core 1: 2490468
Core 2: 2509057
Core 3: 2503127
------------------------------
4. Number of idle cycles per core
Core 0: 3861715
Core 1: 3787932
Core 2: 4675505
Core 3: 3876055
------------------------------
5. Data cache miss rate for each core
Core 0: 0.00595552
Core 1: 0.00580333
Core 2: 0.00794761
Core 3: 0.00607121
------------------------------
6. Amount of Data traffic in bytes on the bus
2410176
------------------------------
7. Number of invalidations or updates on the bus
151
------------------------------
8. Distribution of accesses to private data versus shared data
Core 0: Number of access to private data = 2090305 | Number of access to shared data = 407002
Core 1: Number of access to private data = 2084261 | Number of access to shared data = 406159
Core 2: Number of access to private data = 2103084 | Number of access to shared data = 405961
Core 3: Number of access to private data = 2094720 | Number of access to shared data = 408376
============== END OF LOG ==============
========================================
