Output Summary with Inputs: MOESI_bodytrack_4096_16_32
========================================
------------------------------
1. Overall execution cycle per core
Core 0: 33884954368516
Core 1: 36525578908189
Core 2: 48514070086
Core 3: 35496168377029
------------------------------
2. Number of compute cycles per core
Core 0: 17729254
Core 1: 17120545
Core 2: 17556877
Core 3: 17140113
------------------------------
3. Number of load/store instructions per core
Core 0: 3270132
Core 1: 3287252
Core 2: 117698
Core 3: 3324919
------------------------------
4. Number of idle cycles per core
Core 0: 21244836
Core 1: 22380860
Core 2: 955914
Core 3: 21844981
------------------------------
5. Data cache miss rate for each core
Core 0: 0.0524719
Core 1: 0.053138
Core 2: 0.0605023
Core 3: 0.0524611
------------------------------
6. Amount of Data traffic in bytes on the bus
19164224
------------------------------
7. Number of invalidations or updates on the bus
477
------------------------------
8. Distribution of accesses to private data versus shared data
Core 0: Number of access to private data = 2697309 | Number of access to shared data = 572600
Core 1: Number of access to private data = 3033237 | Number of access to shared data = 253979
Core 2: Number of access to private data = 96001 | Number of access to shared data = 21696
Core 3: Number of access to private data = 2946907 | Number of access to shared data = 377720
============== END OF LOG ==============
========================================
