Output Summary with Inputs: MOESI_bodytrack_4096_2_256
========================================
------------------------------
1. Overall execution cycle per core
Core 0: 54012367566598
Core 1: 53375013533761
Core 2: 129386347250
Core 3: 55741298837897
------------------------------
2. Number of compute cycles per core
Core 0: 17729254
Core 1: 17120545
Core 2: 17556877
Core 3: 17140113
------------------------------
3. Number of load/store instructions per core
Core 0: 3270132
Core 1: 3287252
Core 2: 117698
Core 3: 3324919
------------------------------
4. Number of idle cycles per core
Core 0: 29507012
Core 1: 28724692
Core 2: 2011748
Core 3: 29443623
------------------------------
5. Data cache miss rate for each core
Core 0: 0.068837
Core 1: 0.0664817
Core 2: 0.115881
Core 3: 0.0671613
------------------------------
6. Amount of Data traffic in bytes on the bus
194424832
------------------------------
7. Number of invalidations or updates on the bus
1189
------------------------------
8. Distribution of accesses to private data versus shared data
Core 0: Number of access to private data = 2936871 | Number of access to shared data = 333116
Core 1: Number of access to private data = 2878163 | Number of access to shared data = 408967
Core 2: Number of access to private data = 98407 | Number of access to shared data = 19291
Core 3: Number of access to private data = 2887017 | Number of access to shared data = 437843
============== END OF LOG ==============
========================================
