Output Summary with Inputs: MOESI_fluidanimate_16384_2_32
========================================
------------------------------
1. Overall execution cycle per core
Core 0: 33267538320636
Core 1: 28056039293373
Core 2: 34331692488464
Core 3: 28089977971126
------------------------------
2. Number of compute cycles per core
Core 0: 11337782
Core 1: 11290799
Core 2: 11337671
Core 3: 11301515
------------------------------
3. Number of load/store instructions per core
Core 0: 2576503
Core 1: 2407844
Core 2: 2604189
Core 3: 2411465
------------------------------
4. Number of idle cycles per core
Core 0: 17702051
Core 1: 15905898
Core 2: 17952447
Core 3: 15994933
------------------------------
5. Data cache miss rate for each core
Core 0: 0.0358936
Core 1: 0.0351551
Core 2: 0.036141
Core 3: 0.0351774
------------------------------
6. Amount of Data traffic in bytes on the bus
19049184
------------------------------
7. Number of invalidations or updates on the bus
2708
------------------------------
8. Distribution of accesses to private data versus shared data
Core 0: Number of access to private data = 2119324 | Number of access to shared data = 457178
Core 1: Number of access to private data = 1947031 | Number of access to shared data = 460771
Core 2: Number of access to private data = 2155122 | Number of access to shared data = 449058
Core 3: Number of access to private data = 1961060 | Number of access to shared data = 450370
============== END OF LOG ==============
========================================
