Output Summary with Inputs: MOESI_blackscholes_4096_2_16
========================================
------------------------------
1. Overall execution cycle per core
Core 0: 8272552010735
Core 1: 7886292474460
Core 2: 11555859171939
Core 3: 8167058505548
------------------------------
2. Number of compute cycles per core
Core 0: 10430314
Core 1: 10383276
Core 2: 10430338
Core 3: 10394904
------------------------------
3. Number of load/store instructions per core
Core 0: 2497349
Core 1: 2490468
Core 2: 2509057
Core 3: 2503127
------------------------------
4. Number of idle cycles per core
Core 0: 6494217
Core 1: 6319428
Core 2: 7801507
Core 3: 6454743
------------------------------
5. Data cache miss rate for each core
Core 0: 0.0139836
Core 1: 0.0136332
Core 2: 0.0169861
Core 3: 0.0138842
------------------------------
6. Amount of Data traffic in bytes on the bus
2928800
------------------------------
7. Number of invalidations or updates on the bus
273
------------------------------
8. Distribution of accesses to private data versus shared data
Core 0: Number of access to private data = 2031147 | Number of access to shared data = 466194
Core 1: Number of access to private data = 2024724 | Number of access to shared data = 465726
Core 2: Number of access to private data = 2043808 | Number of access to shared data = 465229
Core 3: Number of access to private data = 2036754 | Number of access to shared data = 466357
============== END OF LOG ==============
========================================
