Output Summary with Inputs: MOESI_bodytrack_4096_1_32
========================================
------------------------------
1. Overall execution cycle per core
Core 0: 43697728097280
Core 1: 46398382727101
Core 2: 64121257024
Core 3: 46704392893385
------------------------------
2. Number of compute cycles per core
Core 0: 17729254
Core 1: 17120545
Core 2: 17556877
Core 3: 17140113
------------------------------
3. Number of load/store instructions per core
Core 0: 3270132
Core 1: 3287252
Core 2: 117698
Core 3: 3324919
------------------------------
4. Number of idle cycles per core
Core 0: 26020010
Core 1: 26814746
Core 2: 1274506
Core 3: 27357985
------------------------------
5. Data cache miss rate for each core
Core 0: 0.0655616
Core 1: 0.0668504
Core 2: 0.0871383
Core 3: 0.0675033
------------------------------
6. Amount of Data traffic in bytes on the bus
25302528
------------------------------
7. Number of invalidations or updates on the bus
305
------------------------------
8. Distribution of accesses to private data versus shared data
Core 0: Number of access to private data = 2811695 | Number of access to shared data = 458437
Core 1: Number of access to private data = 2875897 | Number of access to shared data = 411355
Core 2: Number of access to private data = 95666 | Number of access to shared data = 22032
Core 3: Number of access to private data = 2866039 | Number of access to shared data = 458880
============== END OF LOG ==============
========================================
