Output Summary with Inputs: MOESI_fluidanimate_1024_2_32
========================================
------------------------------
1. Overall execution cycle per core
Core 0: 67311820166162
Core 1: 54245252391059
Core 2: 70457660429676
Core 3: 53822517851292
------------------------------
2. Number of compute cycles per core
Core 0: 11337782
Core 1: 11290799
Core 2: 11337671
Core 3: 11301515
------------------------------
3. Number of load/store instructions per core
Core 0: 2576503
Core 1: 2407844
Core 2: 2604189
Core 3: 2411465
------------------------------
4. Number of idle cycles per core
Core 0: 42325941
Core 1: 34783660
Core 2: 43543585
Core 3: 34412003
------------------------------
5. Data cache miss rate for each core
Core 0: 0.112951
Core 1: 0.0980309
Core 2: 0.114107
Core 3: 0.0964907
------------------------------
6. Amount of Data traffic in bytes on the bus
48692800
------------------------------
7. Number of invalidations or updates on the bus
312
------------------------------
8. Distribution of accesses to private data versus shared data
Core 0: Number of access to private data = 2180215 | Number of access to shared data = 396285
Core 1: Number of access to private data = 2006064 | Number of access to shared data = 401734
Core 2: Number of access to private data = 2219155 | Number of access to shared data = 385034
Core 3: Number of access to private data = 2006466 | Number of access to shared data = 404999
============== END OF LOG ==============
========================================
