Output Summary with Inputs: MOESI_bodytrack_2048_2_32
========================================
------------------------------
1. Overall execution cycle per core
Core 0: 47380022156954
Core 1: 48641162873987
Core 2: 73422843878
Core 3: 49195119677611
------------------------------
2. Number of compute cycles per core
Core 0: 17729254
Core 1: 17120545
Core 2: 17556877
Core 3: 17140113
------------------------------
3. Number of load/store instructions per core
Core 0: 3270132
Core 1: 3287252
Core 2: 117698
Core 3: 3324919
------------------------------
4. Number of idle cycles per core
Core 0: 28345688
Core 1: 28313772
Core 2: 1388840
Core 3: 28788353
------------------------------
5. Data cache miss rate for each core
Core 0: 0.0715745
Core 1: 0.0708704
Core 2: 0.087869
Core 3: 0.0708219
------------------------------
6. Amount of Data traffic in bytes on the bus
26703008
------------------------------
7. Number of invalidations or updates on the bus
150
------------------------------
8. Distribution of accesses to private data versus shared data
Core 0: Number of access to private data = 2710530 | Number of access to shared data = 559596
Core 1: Number of access to private data = 2665969 | Number of access to shared data = 621279
Core 2: Number of access to private data = 99095 | Number of access to shared data = 18603
Core 3: Number of access to private data = 2957197 | Number of access to shared data = 367710
============== END OF LOG ==============
========================================
