Output Summary with Inputs: MOESI_bodytrack_4096_2_16
========================================
------------------------------
1. Overall execution cycle per core
Core 0: 43542745387424
Core 1: 46633909679543
Core 2: 72104621886
Core 3: 44655644572963
------------------------------
2. Number of compute cycles per core
Core 0: 17729254
Core 1: 17120545
Core 2: 17556877
Core 3: 17140113
------------------------------
3. Number of load/store instructions per core
Core 0: 3270132
Core 1: 3287252
Core 2: 117698
Core 3: 3324919
------------------------------
4. Number of idle cycles per core
Core 0: 26755912
Core 1: 27701606
Core 2: 1482736
Core 3: 27017963
------------------------------
5. Data cache miss rate for each core
Core 0: 0.066194
Core 1: 0.0665069
Core 2: 0.0919982
Core 3: 0.0652822
------------------------------
6. Amount of Data traffic in bytes on the bus
12766672
------------------------------
7. Number of invalidations or updates on the bus
460
------------------------------
8. Distribution of accesses to private data versus shared data
Core 0: Number of access to private data = 2761845 | Number of access to shared data = 508274
Core 1: Number of access to private data = 2835865 | Number of access to shared data = 451385
Core 2: Number of access to private data = 97104 | Number of access to shared data = 20594
Core 3: Number of access to private data = 2832334 | Number of access to shared data = 492541
============== END OF LOG ==============
========================================
