Output Summary with Inputs: MOESI_fluidanimate_32768_2_32
========================================
------------------------------
1. Overall execution cycle per core
Core 0: 29130995459014
Core 1: 24827456854021
Core 2: 29495061664066
Core 3: 25107567876770
------------------------------
2. Number of compute cycles per core
Core 0: 11337782
Core 1: 11290799
Core 2: 11337671
Core 3: 11301515
------------------------------
3. Number of load/store instructions per core
Core 0: 2576503
Core 1: 2407844
Core 2: 2604189
Core 3: 2411465
------------------------------
4. Number of idle cycles per core
Core 0: 15540565
Core 1: 14135610
Core 2: 15549907
Core 3: 14323403
------------------------------
5. Data cache miss rate for each core
Core 0: 0.0302484
Core 1: 0.0296817
Core 2: 0.0300174
Core 3: 0.030095
------------------------------
6. Amount of Data traffic in bytes on the bus
16205792
------------------------------
7. Number of invalidations or updates on the bus
2762
------------------------------
8. Distribution of accesses to private data versus shared data
Core 0: Number of access to private data = 2121313 | Number of access to shared data = 455184
Core 1: Number of access to private data = 1969518 | Number of access to shared data = 438314
Core 2: Number of access to private data = 2142286 | Number of access to shared data = 461887
Core 3: Number of access to private data = 1928405 | Number of access to shared data = 483050
============== END OF LOG ==============
========================================
