Output Summary with Inputs: MOESI_bodytrack_4096_64_32
========================================
------------------------------
1. Overall execution cycle per core
Core 0: 34585173448634
Core 1: 36635286908551
Core 2: 48964435904
Core 3: 36229559111413
------------------------------
2. Number of compute cycles per core
Core 0: 17729254
Core 1: 17120545
Core 2: 17556877
Core 3: 17140113
------------------------------
3. Number of load/store instructions per core
Core 0: 3270132
Core 1: 3287252
Core 2: 117698
Core 3: 3324919
------------------------------
4. Number of idle cycles per core
Core 0: 21563956
Core 1: 22307018
Core 2: 938398
Core 3: 22118993
------------------------------
5. Data cache miss rate for each core
Core 0: 0.0527018
Core 1: 0.0535739
Core 2: 0.0588625
Core 3: 0.0526813
------------------------------
6. Amount of Data traffic in bytes on the bus
19283872
------------------------------
7. Number of invalidations or updates on the bus
490
------------------------------
8. Distribution of accesses to private data versus shared data
Core 0: Number of access to private data = 2860059 | Number of access to shared data = 409617
Core 1: Number of access to private data = 2954760 | Number of access to shared data = 332480
Core 2: Number of access to private data = 97993 | Number of access to shared data = 19705
Core 3: Number of access to private data = 2985793 | Number of access to shared data = 338699
============== END OF LOG ==============
========================================
