Output Summary with Inputs: MOESI_blackscholes_4096_2_32
========================================
------------------------------
1. Overall execution cycle per core
Core 0: 8024364118643
Core 1: 7811972529124
Core 2: 10034440361263
Core 3: 8040479183888
------------------------------
2. Number of compute cycles per core
Core 0: 10430314
Core 1: 10383276
Core 2: 10430338
Core 3: 10394904
------------------------------
3. Number of load/store instructions per core
Core 0: 2497349
Core 1: 2490468
Core 2: 2509057
Core 3: 2503127
------------------------------
4. Number of idle cycles per core
Core 0: 6361089
Core 1: 6262586
Core 2: 7155075
Core 3: 6358323
------------------------------
5. Data cache miss rate for each core
Core 0: 0.0143977
Core 1: 0.0142307
Core 2: 0.0163209
Core 3: 0.014382
------------------------------
6. Amount of Data traffic in bytes on the bus
5754080
------------------------------
7. Number of invalidations or updates on the bus
148
------------------------------
8. Distribution of accesses to private data versus shared data
Core 0: Number of access to private data = 2032374 | Number of access to shared data = 464971
Core 1: Number of access to private data = 2026208 | Number of access to shared data = 464248
Core 2: Number of access to private data = 2044646 | Number of access to shared data = 464405
Core 3: Number of access to private data = 2036816 | Number of access to shared data = 466298
============== END OF LOG ==============
========================================
