Output Summary with Inputs: MOESI_bodytrack_8192_2_32
========================================
------------------------------
1. Overall execution cycle per core
Core 0: 28422893728798
Core 1: 30827370427851
Core 2: 33540461742
Core 3: 29782674190993
------------------------------
2. Number of compute cycles per core
Core 0: 17729254
Core 1: 17120545
Core 2: 17556877
Core 3: 17140113
------------------------------
3. Number of load/store instructions per core
Core 0: 3270132
Core 1: 3287252
Core 2: 117698
Core 3: 3324919
------------------------------
4. Number of idle cycles per core
Core 0: 18483038
Core 1: 19490238
Core 2: 720718
Core 3: 19231607
------------------------------
5. Data cache miss rate for each core
Core 0: 0.0482014
Core 1: 0.049051
Core 2: 0.0448436
Core 3: 0.0481407
------------------------------
6. Amount of Data traffic in bytes on the bus
17608672
------------------------------
7. Number of invalidations or updates on the bus
938
------------------------------
8. Distribution of accesses to private data versus shared data
Core 0: Number of access to private data = 2619447 | Number of access to shared data = 650534
Core 1: Number of access to private data = 2684907 | Number of access to shared data = 602334
Core 2: Number of access to private data = 94274 | Number of access to shared data = 23424
Core 3: Number of access to private data = 2752164 | Number of access to shared data = 572611
============== END OF LOG ==============
========================================
