Output Summary with Inputs: MOESI_fluidanimate_4096_2_64
========================================
------------------------------
1. Overall execution cycle per core
Core 0: 35283739135496
Core 1: 28679082374955
Core 2: 37866636067726
Core 3: 28454006405596
------------------------------
2. Number of compute cycles per core
Core 0: 11337782
Core 1: 11290799
Core 2: 11337671
Core 3: 11301515
------------------------------
3. Number of load/store instructions per core
Core 0: 2576503
Core 1: 2407844
Core 2: 2604189
Core 3: 2411465
------------------------------
4. Number of idle cycles per core
Core 0: 21032345
Core 1: 17256030
Core 2: 22257045
Core 3: 17050117
------------------------------
5. Data cache miss rate for each core
Core 0: 0.0518257
Core 1: 0.043585
Core 2: 0.0553105
Core 3: 0.0426658
------------------------------
6. Amount of Data traffic in bytes on the bus
46069632
------------------------------
7. Number of invalidations or updates on the bus
330
------------------------------
8. Distribution of accesses to private data versus shared data
Core 0: Number of access to private data = 2145028 | Number of access to shared data = 431471
Core 1: Number of access to private data = 1967330 | Number of access to shared data = 440506
Core 2: Number of access to private data = 2167708 | Number of access to shared data = 436477
Core 3: Number of access to private data = 1977423 | Number of access to shared data = 434042
============== END OF LOG ==============
========================================
