Output Summary with Inputs: MOESI_blackscholes_32768_2_32
========================================
------------------------------
1. Overall execution cycle per core
Core 0: 5099362164047
Core 1: 4983735319750
Core 2: 6410839174527
Core 3: 5103584380166
------------------------------
2. Number of compute cycles per core
Core 0: 10430314
Core 1: 10383276
Core 2: 10430338
Core 3: 10394904
------------------------------
3. Number of load/store instructions per core
Core 0: 2497349
Core 1: 2490468
Core 2: 2509057
Core 3: 2503127
------------------------------
4. Number of idle cycles per core
Core 0: 4027603
Core 1: 4004614
Core 2: 4555935
Core 3: 4058803
------------------------------
5. Data cache miss rate for each core
Core 0: 0.00608806
Core 1: 0.00597518
Core 2: 0.00732267
Core 3: 0.0060732
------------------------------
6. Amount of Data traffic in bytes on the bus
2223424
------------------------------
7. Number of invalidations or updates on the bus
367
------------------------------
8. Distribution of accesses to private data versus shared data
Core 0: Number of access to private data = 2023409 | Number of access to shared data = 473926
Core 1: Number of access to private data = 2017142 | Number of access to shared data = 473324
Core 2: Number of access to private data = 2035296 | Number of access to shared data = 473741
Core 3: Number of access to private data = 2027502 | Number of access to shared data = 475615
============== END OF LOG ==============
========================================
