Output Summary with Inputs: MOESI_bodytrack_4096_2_512
========================================
------------------------------
1. Overall execution cycle per core
Core 0: 84953175764428
Core 1: 83409297852185
Core 2: 170054443212
Core 3: 87705869264711
------------------------------
2. Number of compute cycles per core
Core 0: 17729254
Core 1: 17120545
Core 2: 17556877
Core 3: 17140113
------------------------------
3. Number of load/store instructions per core
Core 0: 3270132
Core 1: 3287252
Core 2: 117698
Core 3: 3324919
------------------------------
4. Number of idle cycles per core
Core 0: 43378768
Core 1: 42124186
Core 2: 2667130
Core 3: 43400295
------------------------------
5. Data cache miss rate for each core
Core 0: 0.0860026
Core 1: 0.0826596
Core 2: 0.133588
Core 3: 0.0846439
------------------------------
6. Amount of Data traffic in bytes on the bus
503201792
------------------------------
7. Number of invalidations or updates on the bus
939
------------------------------
8. Distribution of accesses to private data versus shared data
Core 0: Number of access to private data = 2742403 | Number of access to shared data = 527610
Core 1: Number of access to private data = 2797959 | Number of access to shared data = 489180
Core 2: Number of access to private data = 99884 | Number of access to shared data = 17814
Core 3: Number of access to private data = 2897464 | Number of access to shared data = 427435
============== END OF LOG ==============
========================================
