Output Summary with Inputs: MOESI_blackscholes_4096_2_512
========================================
------------------------------
1. Overall execution cycle per core
Core 0: 63471988085219
Core 1: 63173603449212
Core 2: 64163923168475
Core 3: 64078670382252
------------------------------
2. Number of compute cycles per core
Core 0: 10430314
Core 1: 10383276
Core 2: 10430338
Core 3: 10394904
------------------------------
3. Number of load/store instructions per core
Core 0: 2497349
Core 1: 2490468
Core 2: 2509057
Core 3: 2503127
------------------------------
4. Number of idle cycles per core
Core 0: 50909465
Core 1: 50686074
Core 2: 51240879
Core 3: 51156641
------------------------------
5. Data cache miss rate for each core
Core 0: 0.10948
Core 1: 0.109524
Core 2: 0.109609
Core 3: 0.109592
------------------------------
6. Amount of Data traffic in bytes on the bus
667454976
------------------------------
7. Number of invalidations or updates on the bus
37
------------------------------
8. Distribution of accesses to private data versus shared data
Core 0: Number of access to private data = 2213925 | Number of access to shared data = 283422
Core 1: Number of access to private data = 2211393 | Number of access to shared data = 279073
Core 2: Number of access to private data = 2224423 | Number of access to shared data = 284628
Core 3: Number of access to private data = 2220635 | Number of access to shared data = 282492
============== END OF LOG ==============
========================================
