Output Summary with Inputs: MOESI_bodytrack_4096_4_32
========================================
------------------------------
1. Overall execution cycle per core
Core 0: 34308015850338
Core 1: 36639913350229
Core 2: 49242184132
Core 3: 35761056348935
------------------------------
2. Number of compute cycles per core
Core 0: 17729254
Core 1: 17120545
Core 2: 17556877
Core 3: 17140113
------------------------------
3. Number of load/store instructions per core
Core 0: 3270132
Core 1: 3287252
Core 2: 117698
Core 3: 3324919
------------------------------
4. Number of idle cycles per core
Core 0: 21534894
Core 1: 22299084
Core 2: 976322
Core 3: 21938771
------------------------------
5. Data cache miss rate for each core
Core 0: 0.053129
Core 1: 0.0537963
Core 2: 0.0620741
Core 3: 0.0534491
------------------------------
6. Amount of Data traffic in bytes on the bus
19517408
------------------------------
7. Number of invalidations or updates on the bus
383
------------------------------
8. Distribution of accesses to private data versus shared data
Core 0: Number of access to private data = 2868770 | Number of access to shared data = 401283
Core 1: Number of access to private data = 2912650 | Number of access to shared data = 374597
Core 2: Number of access to private data = 97682 | Number of access to shared data = 20016
Core 3: Number of access to private data = 2863245 | Number of access to shared data = 461597
============== END OF LOG ==============
========================================
