Output Summary with Inputs: MOESI_blackscholes_4096_2_128
========================================
------------------------------
1. Overall execution cycle per core
Core 0: 13267004962619
Core 1: 13102354420378
Core 2: 14270225176665
Core 3: 13415825825882
------------------------------
2. Number of compute cycles per core
Core 0: 10430314
Core 1: 10383276
Core 2: 10430338
Core 3: 10394904
------------------------------
3. Number of load/store instructions per core
Core 0: 2497349
Core 1: 2490468
Core 2: 2509057
Core 3: 2503127
------------------------------
4. Number of idle cycles per core
Core 0: 10606895
Core 1: 10525914
Core 2: 11009349
Core 3: 10657365
------------------------------
5. Data cache miss rate for each core
Core 0: 0.0307334
Core 1: 0.0306641
Core 2: 0.031684
Core 3: 0.0309521
------------------------------
6. Amount of Data traffic in bytes on the bus
47428096
------------------------------
7. Number of invalidations or updates on the bus
77
------------------------------
8. Distribution of accesses to private data versus shared data
Core 0: Number of access to private data = 2085853 | Number of access to shared data = 411491
Core 1: Number of access to private data = 2077868 | Number of access to shared data = 412595
Core 2: Number of access to private data = 2097759 | Number of access to shared data = 411291
Core 3: Number of access to private data = 2088086 | Number of access to shared data = 415039
============== END OF LOG ==============
========================================
