Output Summary with Inputs: MOESI_bodytrack_4096_2_8
========================================
------------------------------
1. Overall execution cycle per core
Core 0: 57914946310526
Core 1: 62156876917205
Core 2: 105328740902
Core 3: 59088384760949
------------------------------
2. Number of compute cycles per core
Core 0: 17729254
Core 1: 17120545
Core 2: 17556877
Core 3: 17140113
------------------------------
3. Number of load/store instructions per core
Core 0: 3270132
Core 1: 3287252
Core 2: 117698
Core 3: 3324919
------------------------------
4. Number of idle cycles per core
Core 0: 35893666
Core 1: 36844936
Core 2: 2280240
Core 3: 36009009
------------------------------
5. Data cache miss rate for each core
Core 0: 0.0851562
Core 1: 0.0854848
Core 2: 0.13137
Core 3: 0.0838739
------------------------------
6. Amount of Data traffic in bytes on the bus
8759256
------------------------------
7. Number of invalidations or updates on the bus
399
------------------------------
8. Distribution of accesses to private data versus shared data
Core 0: Number of access to private data = 2759585 | Number of access to shared data = 510539
Core 1: Number of access to private data = 2762742 | Number of access to shared data = 524506
Core 2: Number of access to private data = 97533 | Number of access to shared data = 20165
Core 3: Number of access to private data = 2799760 | Number of access to shared data = 525140
============== END OF LOG ==============
========================================
