Output Summary with Inputs: MOESI_bodytrack_4096_8_32
========================================
------------------------------
1. Overall execution cycle per core
Core 0: 34012230876730
Core 1: 36045844864407
Core 2: 48873212662
Core 3: 35228961367979
------------------------------
2. Number of compute cycles per core
Core 0: 17729254
Core 1: 17120545
Core 2: 17556877
Core 3: 17140113
------------------------------
3. Number of load/store instructions per core
Core 0: 3270132
Core 1: 3287252
Core 2: 117698
Core 3: 3324919
------------------------------
4. Number of idle cycles per core
Core 0: 21273570
Core 1: 21933342
Core 2: 961476
Core 3: 21670881
------------------------------
5. Data cache miss rate for each core
Core 0: 0.0524315
Core 1: 0.0531012
Core 2: 0.0606722
Core 3: 0.0525315
------------------------------
6. Amount of Data traffic in bytes on the bus
19175168
------------------------------
7. Number of invalidations or updates on the bus
390
------------------------------
8. Distribution of accesses to private data versus shared data
Core 0: Number of access to private data = 2852276 | Number of access to shared data = 417701
Core 1: Number of access to private data = 2872737 | Number of access to shared data = 414503
Core 2: Number of access to private data = 97479 | Number of access to shared data = 20219
Core 3: Number of access to private data = 2884312 | Number of access to shared data = 440496
============== END OF LOG ==============
========================================
