Output Summary with Inputs: MOESI_bodytrack_4096_2_64
========================================
------------------------------
1. Overall execution cycle per core
Core 0: 35521428436712
Core 1: 36328997189215
Core 2: 54351604494
Core 3: 36598722112329
------------------------------
2. Number of compute cycles per core
Core 0: 17729254
Core 1: 17120545
Core 2: 17556877
Core 3: 17140113
------------------------------
3. Number of load/store instructions per core
Core 0: 3270132
Core 1: 3287252
Core 2: 117698
Core 3: 3324919
------------------------------
4. Number of idle cycles per core
Core 0: 21790134
Core 1: 21852266
Core 2: 988996
Core 3: 21970891
------------------------------
5. Data cache miss rate for each core
Core 0: 0.0556488
Core 1: 0.0547771
Core 2: 0.064708
Core 3: 0.0549319
------------------------------
6. Amount of Data traffic in bytes on the bus
39361472
------------------------------
7. Number of invalidations or updates on the bus
373
------------------------------
8. Distribution of accesses to private data versus shared data
Core 0: Number of access to private data = 2708713 | Number of access to shared data = 561396
Core 1: Number of access to private data = 2738733 | Number of access to shared data = 548504
Core 2: Number of access to private data = 96876 | Number of access to shared data = 20822
Core 3: Number of access to private data = 2837447 | Number of access to shared data = 487466
============== END OF LOG ==============
========================================
