Output Summary with Inputs: MOESI_bodytrack_4096_32_32
========================================
------------------------------
1. Overall execution cycle per core
Core 0: 34528745962278
Core 1: 36497787780193
Core 2: 49029174238
Core 3: 36121246608087
------------------------------
2. Number of compute cycles per core
Core 0: 17729254
Core 1: 17120545
Core 2: 17556877
Core 3: 17140113
------------------------------
3. Number of load/store instructions per core
Core 0: 3270132
Core 1: 3287252
Core 2: 117698
Core 3: 3324919
------------------------------
4. Number of idle cycles per core
Core 0: 21593518
Core 1: 22114548
Core 2: 942132
Core 3: 22162647
------------------------------
5. Data cache miss rate for each core
Core 0: 0.0524982
Core 1: 0.0532655
Core 2: 0.0592279
Core 3: 0.0525965
------------------------------
6. Amount of Data traffic in bytes on the bus
19199392
------------------------------
7. Number of invalidations or updates on the bus
726
------------------------------
8. Distribution of accesses to private data versus shared data
Core 0: Number of access to private data = 2937492 | Number of access to shared data = 332270
Core 1: Number of access to private data = 2871906 | Number of access to shared data = 415334
Core 2: Number of access to private data = 95258 | Number of access to shared data = 22439
Core 3: Number of access to private data = 3056669 | Number of access to shared data = 267551
============== END OF LOG ==============
========================================
