Output Summary with Inputs: MOESI_fluidanimate_4096_2_256
========================================
------------------------------
1. Overall execution cycle per core
Core 0: 43178800048812
Core 1: 31175462936433
Core 2: 45099650156744
Core 3: 30251776503236
------------------------------
2. Number of compute cycles per core
Core 0: 11337782
Core 1: 11290799
Core 2: 11337671
Core 3: 11301515
------------------------------
3. Number of load/store instructions per core
Core 0: 2576503
Core 1: 2407844
Core 2: 2604189
Core 3: 2411465
------------------------------
4. Number of idle cycles per core
Core 0: 30169127
Core 1: 20627784
Core 2: 31217461
Core 3: 19569763
------------------------------
5. Data cache miss rate for each core
Core 0: 0.0785118
Core 1: 0.0544865
Core 2: 0.0804846
Core 3: 0.0512066
------------------------------
6. Amount of Data traffic in bytes on the bus
226053888
------------------------------
7. Number of invalidations or updates on the bus
159
------------------------------
8. Distribution of accesses to private data versus shared data
Core 0: Number of access to private data = 2167858 | Number of access to shared data = 408642
Core 1: Number of access to private data = 1988612 | Number of access to shared data = 419217
Core 2: Number of access to private data = 2199944 | Number of access to shared data = 404243
Core 3: Number of access to private data = 1995532 | Number of access to shared data = 415933
============== END OF LOG ==============
========================================
