Output Summary with Inputs: MOESI_blackscholes_4096_2_256
========================================
------------------------------
1. Overall execution cycle per core
Core 0: 26749227183829
Core 1: 26480895609398
Core 2: 27441267846289
Core 3: 26919911318446
------------------------------
2. Number of compute cycles per core
Core 0: 10430314
Core 1: 10383276
Core 2: 10430338
Core 3: 10394904
------------------------------
3. Number of load/store instructions per core
Core 0: 2497349
Core 1: 2490468
Core 2: 2509057
Core 3: 2503127
------------------------------
4. Number of idle cycles per core
Core 0: 21390385
Core 1: 21255810
Core 2: 21646429
Core 3: 21429659
------------------------------
5. Data cache miss rate for each core
Core 0: 0.0599792
Core 1: 0.0597904
Core 2: 0.0604454
Core 3: 0.059949
------------------------------
6. Amount of Data traffic in bytes on the bus
171612160
------------------------------
7. Number of invalidations or updates on the bus
47
------------------------------
8. Distribution of accesses to private data versus shared data
Core 0: Number of access to private data = 2138770 | Number of access to shared data = 358574
Core 1: Number of access to private data = 2133972 | Number of access to shared data = 356494
Core 2: Number of access to private data = 2158657 | Number of access to shared data = 350397
Core 3: Number of access to private data = 2144496 | Number of access to shared data = 358626
============== END OF LOG ==============
========================================
