Output Summary with Inputs: MOESI_bodytrack_4096_2_32
========================================
------------------------------
1. Overall execution cycle per core
Core 0: 36642800237516
Core 1: 37854640620193
Core 2: 54557252442
Core 3: 36972207905233
------------------------------
2. Number of compute cycles per core
Core 0: 17729254
Core 1: 17120545
Core 2: 17556877
Core 3: 17140113
------------------------------
3. Number of load/store instructions per core
Core 0: 3270132
Core 1: 3287252
Core 2: 117698
Core 3: 3324919
------------------------------
4. Number of idle cycles per core
Core 0: 22832376
Core 1: 22961608
Core 2: 1084158
Core 3: 22572993
------------------------------
5. Data cache miss rate for each core
Core 0: 0.0563106
Core 1: 0.0559285
Core 2: 0.0701031
Core 3: 0.0556134
------------------------------
6. Amount of Data traffic in bytes on the bus
20583776
------------------------------
7. Number of invalidations or updates on the bus
299
------------------------------
8. Distribution of accesses to private data versus shared data
Core 0: Number of access to private data = 2901891 | Number of access to shared data = 368234
Core 1: Number of access to private data = 2903662 | Number of access to shared data = 383585
Core 2: Number of access to private data = 96960 | Number of access to shared data = 20738
Core 3: Number of access to private data = 2831423 | Number of access to shared data = 493478
============== END OF LOG ==============
========================================
